This is pdfTeX, Version 3.141592653-2.6-1.40.25 (MiKTeX 23.10.12) (preloaded format=pdflatex 2023.10.21)  19 JUL 2025 10:54
entering extended mode
 restricted \write18 enabled.
 file:line:error style messages enabled.
 %&-line parsing enabled.
**"c:/Users/nihar/OneDrive - Indian Institute of Science/Indian Institute of Science/Introduction to Scalable Systems/MyNotes/notes.tex"
(c:/Users/nihar/OneDrive - Indian Institute of Science/Indian Institute of Science/Introduction to Scalable Systems/MyNotes/notes.tex
LaTeX2e <2023-06-01> patch level 1
L3 programming layer <2023-10-10>
(C:\Users\nihar\AppData\Local\Programs\MiKTeX\tex/latex/base\book.cls
Document Class: book 2023/05/17 v1.4n Standard LaTeX document class
(C:\Users\nihar\AppData\Local\Programs\MiKTeX\tex/latex/base\bk12.clo
File: bk12.clo 2023/05/17 v1.4n Standard LaTeX file (size option)
)
\c@part=\count185
\c@chapter=\count186
\c@section=\count187
\c@subsection=\count188
\c@subsubsection=\count189
\c@paragraph=\count190
\c@subparagraph=\count191
\c@figure=\count192
\c@table=\count193
\abovecaptionskip=\skip48
\belowcaptionskip=\skip49
\bibindent=\dimen140
) (C:\Users\nihar\AppData\Local\Programs\MiKTeX\tex/latex/amsmath\amsmath.sty
Package: amsmath 2023/05/13 v2.17o AMS math features
\@mathmargin=\skip50

For additional information on amsmath, use the `?' option.
(C:\Users\nihar\AppData\Local\Programs\MiKTeX\tex/latex/amsmath\amstext.sty
Package: amstext 2021/08/26 v2.01 AMS text
 (C:\Users\nihar\AppData\Local\Programs\MiKTeX\tex/latex/amsmath\amsgen.sty
File: amsgen.sty 1999/11/30 v2.0 generic functions
\@emptytoks=\toks17
\ex@=\dimen141
)) (C:\Users\nihar\AppData\Local\Programs\MiKTeX\tex/latex/amsmath\amsbsy.sty
Package: amsbsy 1999/11/29 v1.2d Bold Symbols
\pmbraise@=\dimen142
) (C:\Users\nihar\AppData\Local\Programs\MiKTeX\tex/latex/amsmath\amsopn.sty
Package: amsopn 2022/04/08 v2.04 operator names
)
\inf@bad=\count194
LaTeX Info: Redefining \frac on input line 234.
\uproot@=\count195
\leftroot@=\count196
LaTeX Info: Redefining \overline on input line 399.
LaTeX Info: Redefining \colon on input line 410.
\classnum@=\count197
\DOTSCASE@=\count198
LaTeX Info: Redefining \ldots on input line 496.
LaTeX Info: Redefining \dots on input line 499.
LaTeX Info: Redefining \cdots on input line 620.
\Mathstrutbox@=\box51
\strutbox@=\box52
LaTeX Info: Redefining \big on input line 722.
LaTeX Info: Redefining \Big on input line 723.
LaTeX Info: Redefining \bigg on input line 724.
LaTeX Info: Redefining \Bigg on input line 725.
\big@size=\dimen143
LaTeX Font Info:    Redeclaring font encoding OML on input line 743.
LaTeX Font Info:    Redeclaring font encoding OMS on input line 744.
\macc@depth=\count199
LaTeX Info: Redefining \bmod on input line 905.
LaTeX Info: Redefining \pmod on input line 910.
LaTeX Info: Redefining \smash on input line 940.
LaTeX Info: Redefining \relbar on input line 970.
LaTeX Info: Redefining \Relbar on input line 971.
\c@MaxMatrixCols=\count266
\dotsspace@=\muskip16
\c@parentequation=\count267
\dspbrk@lvl=\count268
\tag@help=\toks18
\row@=\count269
\column@=\count270
\maxfields@=\count271
\andhelp@=\toks19
\eqnshift@=\dimen144
\alignsep@=\dimen145
\tagshift@=\dimen146
\tagwidth@=\dimen147
\totwidth@=\dimen148
\lineht@=\dimen149
\@envbody=\toks20
\multlinegap=\skip51
\multlinetaggap=\skip52
\mathdisplay@stack=\toks21
LaTeX Info: Redefining \[ on input line 2953.
LaTeX Info: Redefining \] on input line 2954.
) (C:\Users\nihar\AppData\Local\Programs\MiKTeX\tex/latex/amsfonts\amssymb.sty
Package: amssymb 2013/01/14 v3.01 AMS font symbols
 (C:\Users\nihar\AppData\Local\Programs\MiKTeX\tex/latex/amsfonts\amsfonts.sty
Package: amsfonts 2013/01/14 v3.01 Basic AMSFonts support
\symAMSa=\mathgroup4
\symAMSb=\mathgroup5
LaTeX Font Info:    Redeclaring math symbol \hbar on input line 98.
LaTeX Font Info:    Overwriting math alphabet `\mathfrak' in version `bold'
(Font)                  U/euf/m/n --> U/euf/b/n on input line 106.
)) (C:\Users\nihar\AppData\Local\Programs\MiKTeX\tex/latex/graphics\graphicx.sty
Package: graphicx 2021/09/16 v1.2d Enhanced LaTeX Graphics (DPC,SPQR)
 (C:\Users\nihar\AppData\Local\Programs\MiKTeX\tex/latex/graphics\keyval.sty
Package: keyval 2022/05/29 v1.15 key=value parser (DPC)
\KV@toks@=\toks22
) (C:\Users\nihar\AppData\Local\Programs\MiKTeX\tex/latex/graphics\graphics.sty
Package: graphics 2022/03/10 v1.4e Standard LaTeX Graphics (DPC,SPQR)
 (C:\Users\nihar\AppData\Local\Programs\MiKTeX\tex/latex/graphics\trig.sty
Package: trig 2021/08/11 v1.11 sin cos tan (DPC)
) (C:\Users\nihar\AppData\Local\Programs\MiKTeX\tex/latex/graphics-cfg\graphics.cfg
File: graphics.cfg 2016/06/04 v1.11 sample graphics configuration
)
Package graphics Info: Driver file: pdftex.def on input line 107.
 (C:\Users\nihar\AppData\Local\Programs\MiKTeX\tex/latex/graphics-def\pdftex.def
File: pdftex.def 2022/09/22 v1.2b Graphics/color driver for pdftex
))
\Gin@req@height=\dimen150
\Gin@req@width=\dimen151
) (C:\Users\nihar\AppData\Local\Programs\MiKTeX\tex/latex/float\float.sty
Package: float 2001/11/08 v1.3d Float enhancements (AL)
\c@float@type=\count272
\float@exts=\toks23
\float@box=\box53
\@float@everytoks=\toks24
\@floatcapt=\box54
) (C:\Users\nihar\AppData\Local\Programs\MiKTeX\tex/latex/caption\caption.sty
Package: caption 2023/08/05 v3.6o Customizing captions (AR)
 (C:\Users\nihar\AppData\Local\Programs\MiKTeX\tex/latex/caption\caption3.sty
Package: caption3 2023/07/31 v2.4d caption3 kernel (AR)
\caption@tempdima=\dimen152
\captionmargin=\dimen153
\caption@leftmargin=\dimen154
\caption@rightmargin=\dimen155
\caption@width=\dimen156
\caption@indent=\dimen157
\caption@parindent=\dimen158
\caption@hangindent=\dimen159
Package caption Info: Standard document class detected.
)
\c@caption@flags=\count273
\c@continuedfloat=\count274
Package caption Info: float package is loaded.
) (C:\Users\nihar\AppData\Local\Programs\MiKTeX\tex/latex/caption\subcaption.sty
Package: subcaption 2023/07/28 v1.6b Sub-captions (AR)
Package caption Info: New subtype `subfigure' on input line 238.
\c@subfigure=\count275
Package caption Info: New subtype `subtable' on input line 238.
\c@subtable=\count276
) (C:\Users\nihar\AppData\Local\Programs\MiKTeX\tex/latex/pgf/frontendlayer\tikz.sty (C:\Users\nihar\AppData\Local\Programs\MiKTeX\tex/latex/pgf/basiclayer\pgf.sty (C:\Users\nihar\AppData\Local\Programs\MiKTeX\tex/latex/pgf/utilities\pgfrcs.sty (C:\Users\nihar\AppData\Local\Programs\MiKTeX\tex/generic/pgf/utilities\pgfutil-common.tex
\pgfutil@everybye=\toks25
\pgfutil@tempdima=\dimen160
\pgfutil@tempdimb=\dimen161
) (C:\Users\nihar\AppData\Local\Programs\MiKTeX\tex/generic/pgf/utilities\pgfutil-latex.def
\pgfutil@abb=\box55
) (C:\Users\nihar\AppData\Local\Programs\MiKTeX\tex/generic/pgf/utilities\pgfrcs.code.tex (C:\Users\nihar\AppData\Local\Programs\MiKTeX\tex/generic/pgf\pgf.revision.tex)
Package: pgfrcs 2023-01-15 v3.1.10 (3.1.10)
))
Package: pgf 2023-01-15 v3.1.10 (3.1.10)
 (C:\Users\nihar\AppData\Local\Programs\MiKTeX\tex/latex/pgf/basiclayer\pgfcore.sty (C:\Users\nihar\AppData\Local\Programs\MiKTeX\tex/latex/pgf/systemlayer\pgfsys.sty (C:\Users\nihar\AppData\Local\Programs\MiKTeX\tex/generic/pgf/systemlayer\pgfsys.code.tex
Package: pgfsys 2023-01-15 v3.1.10 (3.1.10)
 (C:\Users\nihar\AppData\Local\Programs\MiKTeX\tex/generic/pgf/utilities\pgfkeys.code.tex
\pgfkeys@pathtoks=\toks26
\pgfkeys@temptoks=\toks27
 (C:\Users\nihar\AppData\Local\Programs\MiKTeX\tex/generic/pgf/utilities\pgfkeyslibraryfiltered.code.tex
\pgfkeys@tmptoks=\toks28
))
\pgf@x=\dimen162
\pgf@y=\dimen163
\pgf@xa=\dimen164
\pgf@ya=\dimen165
\pgf@xb=\dimen166
\pgf@yb=\dimen167
\pgf@xc=\dimen168
\pgf@yc=\dimen169
\pgf@xd=\dimen170
\pgf@yd=\dimen171
\w@pgf@writea=\write3
\r@pgf@reada=\read2
\c@pgf@counta=\count277
\c@pgf@countb=\count278
\c@pgf@countc=\count279
\c@pgf@countd=\count280
\t@pgf@toka=\toks29
\t@pgf@tokb=\toks30
\t@pgf@tokc=\toks31
\pgf@sys@id@count=\count281
 (C:\Users\nihar\AppData\Local\Programs\MiKTeX\tex/generic/pgf/systemlayer\pgf.cfg
File: pgf.cfg 2023-01-15 v3.1.10 (3.1.10)
)
Driver file for pgf: pgfsys-pdftex.def
 (C:\Users\nihar\AppData\Local\Programs\MiKTeX\tex/generic/pgf/systemlayer\pgfsys-pdftex.def
File: pgfsys-pdftex.def 2023-01-15 v3.1.10 (3.1.10)
 (C:\Users\nihar\AppData\Local\Programs\MiKTeX\tex/generic/pgf/systemlayer\pgfsys-common-pdf.def
File: pgfsys-common-pdf.def 2023-01-15 v3.1.10 (3.1.10)
))) (C:\Users\nihar\AppData\Local\Programs\MiKTeX\tex/generic/pgf/systemlayer\pgfsyssoftpath.code.tex
File: pgfsyssoftpath.code.tex 2023-01-15 v3.1.10 (3.1.10)
\pgfsyssoftpath@smallbuffer@items=\count282
\pgfsyssoftpath@bigbuffer@items=\count283
) (C:\Users\nihar\AppData\Local\Programs\MiKTeX\tex/generic/pgf/systemlayer\pgfsysprotocol.code.tex
File: pgfsysprotocol.code.tex 2023-01-15 v3.1.10 (3.1.10)
)) (C:\Users\nihar\AppData\Local\Programs\MiKTeX\tex/latex/xcolor\xcolor.sty
Package: xcolor 2022/06/12 v2.14 LaTeX color extensions (UK)
 (C:\Users\nihar\AppData\Local\Programs\MiKTeX\tex/latex/graphics-cfg\color.cfg
File: color.cfg 2016/01/02 v1.6 sample color configuration
)
Package xcolor Info: Driver file: pdftex.def on input line 227.
 (C:\Users\nihar\AppData\Local\Programs\MiKTeX\tex/latex/graphics\mathcolor.ltx)
Package xcolor Info: Model `cmy' substituted by `cmy0' on input line 1353.
Package xcolor Info: Model `hsb' substituted by `rgb' on input line 1357.
Package xcolor Info: Model `RGB' extended on input line 1369.
Package xcolor Info: Model `HTML' substituted by `rgb' on input line 1371.
Package xcolor Info: Model `Hsb' substituted by `hsb' on input line 1372.
Package xcolor Info: Model `tHsb' substituted by `hsb' on input line 1373.
Package xcolor Info: Model `HSB' substituted by `hsb' on input line 1374.
Package xcolor Info: Model `Gray' substituted by `gray' on input line 1375.
Package xcolor Info: Model `wave' substituted by `hsb' on input line 1376.
) (C:\Users\nihar\AppData\Local\Programs\MiKTeX\tex/generic/pgf/basiclayer\pgfcore.code.tex
Package: pgfcore 2023-01-15 v3.1.10 (3.1.10)
 (C:\Users\nihar\AppData\Local\Programs\MiKTeX\tex/generic/pgf/math\pgfmath.code.tex (C:\Users\nihar\AppData\Local\Programs\MiKTeX\tex/generic/pgf/math\pgfmathutil.code.tex) (C:\Users\nihar\AppData\Local\Programs\MiKTeX\tex/generic/pgf/math\pgfmathparser.code.tex
\pgfmath@dimen=\dimen172
\pgfmath@count=\count284
\pgfmath@box=\box56
\pgfmath@toks=\toks32
\pgfmath@stack@operand=\toks33
\pgfmath@stack@operation=\toks34
) (C:\Users\nihar\AppData\Local\Programs\MiKTeX\tex/generic/pgf/math\pgfmathfunctions.code.tex) (C:\Users\nihar\AppData\Local\Programs\MiKTeX\tex/generic/pgf/math\pgfmathfunctions.basic.code.tex) (C:\Users\nihar\AppData\Local\Programs\MiKTeX\tex/generic/pgf/math\pgfmathfunctions.trigonometric.code.tex) (C:\Users\nihar\AppData\Local\Programs\MiKTeX\tex/generic/pgf/math\pgfmathfunctions.random.code.tex) (C:\Users\nihar\AppData\Local\Programs\MiKTeX\tex/generic/pgf/math\pgfmathfunctions.comparison.code.tex) (C:\Users\nihar\AppData\Local\Programs\MiKTeX\tex/generic/pgf/math\pgfmathfunctions.base.code.tex) (C:\Users\nihar\AppData\Local\Programs\MiKTeX\tex/generic/pgf/math\pgfmathfunctions.round.code.tex) (C:\Users\nihar\AppData\Local\Programs\MiKTeX\tex/generic/pgf/math\pgfmathfunctions.misc.code.tex) (C:\Users\nihar\AppData\Local\Programs\MiKTeX\tex/generic/pgf/math\pgfmathfunctions.integerarithmetics.code.tex) (C:\Users\nihar\AppData\Local\Programs\MiKTeX\tex/generic/pgf/math\pgfmathcalc.code.tex) (C:\Users\nihar\AppData\Local\Programs\MiKTeX\tex/generic/pgf/math\pgfmathfloat.code.tex
\c@pgfmathroundto@lastzeros=\count285
)) (C:\Users\nihar\AppData\Local\Programs\MiKTeX\tex/generic/pgf/math\pgfint.code.tex) (C:\Users\nihar\AppData\Local\Programs\MiKTeX\tex/generic/pgf/basiclayer\pgfcorepoints.code.tex
File: pgfcorepoints.code.tex 2023-01-15 v3.1.10 (3.1.10)
\pgf@picminx=\dimen173
\pgf@picmaxx=\dimen174
\pgf@picminy=\dimen175
\pgf@picmaxy=\dimen176
\pgf@pathminx=\dimen177
\pgf@pathmaxx=\dimen178
\pgf@pathminy=\dimen179
\pgf@pathmaxy=\dimen180
\pgf@xx=\dimen181
\pgf@xy=\dimen182
\pgf@yx=\dimen183
\pgf@yy=\dimen184
\pgf@zx=\dimen185
\pgf@zy=\dimen186
) (C:\Users\nihar\AppData\Local\Programs\MiKTeX\tex/generic/pgf/basiclayer\pgfcorepathconstruct.code.tex
File: pgfcorepathconstruct.code.tex 2023-01-15 v3.1.10 (3.1.10)
\pgf@path@lastx=\dimen187
\pgf@path@lasty=\dimen188
) (C:\Users\nihar\AppData\Local\Programs\MiKTeX\tex/generic/pgf/basiclayer\pgfcorepathusage.code.tex
File: pgfcorepathusage.code.tex 2023-01-15 v3.1.10 (3.1.10)
\pgf@shorten@end@additional=\dimen189
\pgf@shorten@start@additional=\dimen190
) (C:\Users\nihar\AppData\Local\Programs\MiKTeX\tex/generic/pgf/basiclayer\pgfcorescopes.code.tex
File: pgfcorescopes.code.tex 2023-01-15 v3.1.10 (3.1.10)
\pgfpic=\box57
\pgf@hbox=\box58
\pgf@layerbox@main=\box59
\pgf@picture@serial@count=\count286
) (C:\Users\nihar\AppData\Local\Programs\MiKTeX\tex/generic/pgf/basiclayer\pgfcoregraphicstate.code.tex
File: pgfcoregraphicstate.code.tex 2023-01-15 v3.1.10 (3.1.10)
\pgflinewidth=\dimen191
) (C:\Users\nihar\AppData\Local\Programs\MiKTeX\tex/generic/pgf/basiclayer\pgfcoretransformations.code.tex
File: pgfcoretransformations.code.tex 2023-01-15 v3.1.10 (3.1.10)
\pgf@pt@x=\dimen192
\pgf@pt@y=\dimen193
\pgf@pt@temp=\dimen194
) (C:\Users\nihar\AppData\Local\Programs\MiKTeX\tex/generic/pgf/basiclayer\pgfcorequick.code.tex
File: pgfcorequick.code.tex 2023-01-15 v3.1.10 (3.1.10)
) (C:\Users\nihar\AppData\Local\Programs\MiKTeX\tex/generic/pgf/basiclayer\pgfcoreobjects.code.tex
File: pgfcoreobjects.code.tex 2023-01-15 v3.1.10 (3.1.10)
) (C:\Users\nihar\AppData\Local\Programs\MiKTeX\tex/generic/pgf/basiclayer\pgfcorepathprocessing.code.tex
File: pgfcorepathprocessing.code.tex 2023-01-15 v3.1.10 (3.1.10)
) (C:\Users\nihar\AppData\Local\Programs\MiKTeX\tex/generic/pgf/basiclayer\pgfcorearrows.code.tex
File: pgfcorearrows.code.tex 2023-01-15 v3.1.10 (3.1.10)
\pgfarrowsep=\dimen195
) (C:\Users\nihar\AppData\Local\Programs\MiKTeX\tex/generic/pgf/basiclayer\pgfcoreshade.code.tex
File: pgfcoreshade.code.tex 2023-01-15 v3.1.10 (3.1.10)
\pgf@max=\dimen196
\pgf@sys@shading@range@num=\count287
\pgf@shadingcount=\count288
) (C:\Users\nihar\AppData\Local\Programs\MiKTeX\tex/generic/pgf/basiclayer\pgfcoreimage.code.tex
File: pgfcoreimage.code.tex 2023-01-15 v3.1.10 (3.1.10)
) (C:\Users\nihar\AppData\Local\Programs\MiKTeX\tex/generic/pgf/basiclayer\pgfcoreexternal.code.tex
File: pgfcoreexternal.code.tex 2023-01-15 v3.1.10 (3.1.10)
\pgfexternal@startupbox=\box60
) (C:\Users\nihar\AppData\Local\Programs\MiKTeX\tex/generic/pgf/basiclayer\pgfcorelayers.code.tex
File: pgfcorelayers.code.tex 2023-01-15 v3.1.10 (3.1.10)
) (C:\Users\nihar\AppData\Local\Programs\MiKTeX\tex/generic/pgf/basiclayer\pgfcoretransparency.code.tex
File: pgfcoretransparency.code.tex 2023-01-15 v3.1.10 (3.1.10)
) (C:\Users\nihar\AppData\Local\Programs\MiKTeX\tex/generic/pgf/basiclayer\pgfcorepatterns.code.tex
File: pgfcorepatterns.code.tex 2023-01-15 v3.1.10 (3.1.10)
) (C:\Users\nihar\AppData\Local\Programs\MiKTeX\tex/generic/pgf/basiclayer\pgfcorerdf.code.tex
File: pgfcorerdf.code.tex 2023-01-15 v3.1.10 (3.1.10)
))) (C:\Users\nihar\AppData\Local\Programs\MiKTeX\tex/generic/pgf/modules\pgfmoduleshapes.code.tex
File: pgfmoduleshapes.code.tex 2023-01-15 v3.1.10 (3.1.10)
\pgfnodeparttextbox=\box61
) (C:\Users\nihar\AppData\Local\Programs\MiKTeX\tex/generic/pgf/modules\pgfmoduleplot.code.tex
File: pgfmoduleplot.code.tex 2023-01-15 v3.1.10 (3.1.10)
) (C:\Users\nihar\AppData\Local\Programs\MiKTeX\tex/latex/pgf/compatibility\pgfcomp-version-0-65.sty
Package: pgfcomp-version-0-65 2023-01-15 v3.1.10 (3.1.10)
\pgf@nodesepstart=\dimen197
\pgf@nodesepend=\dimen198
) (C:\Users\nihar\AppData\Local\Programs\MiKTeX\tex/latex/pgf/compatibility\pgfcomp-version-1-18.sty
Package: pgfcomp-version-1-18 2023-01-15 v3.1.10 (3.1.10)
)) (C:\Users\nihar\AppData\Local\Programs\MiKTeX\tex/latex/pgf/utilities\pgffor.sty (C:\Users\nihar\AppData\Local\Programs\MiKTeX\tex/latex/pgf/utilities\pgfkeys.sty (C:\Users\nihar\AppData\Local\Programs\MiKTeX\tex/generic/pgf/utilities\pgfkeys.code.tex)) (C:\Users\nihar\AppData\Local\Programs\MiKTeX\tex/latex/pgf/math\pgfmath.sty (C:\Users\nihar\AppData\Local\Programs\MiKTeX\tex/generic/pgf/math\pgfmath.code.tex)) (C:\Users\nihar\AppData\Local\Programs\MiKTeX\tex/generic/pgf/utilities\pgffor.code.tex
Package: pgffor 2023-01-15 v3.1.10 (3.1.10)
\pgffor@iter=\dimen199
\pgffor@skip=\dimen256
\pgffor@stack=\toks35
\pgffor@toks=\toks36
)) (C:\Users\nihar\AppData\Local\Programs\MiKTeX\tex/generic/pgf/frontendlayer/tikz\tikz.code.tex
Package: tikz 2023-01-15 v3.1.10 (3.1.10)
 (C:\Users\nihar\AppData\Local\Programs\MiKTeX\tex/generic/pgf/libraries\pgflibraryplothandlers.code.tex
File: pgflibraryplothandlers.code.tex 2023-01-15 v3.1.10 (3.1.10)
\pgf@plot@mark@count=\count289
\pgfplotmarksize=\dimen257
)
\tikz@lastx=\dimen258
\tikz@lasty=\dimen259
\tikz@lastxsaved=\dimen260
\tikz@lastysaved=\dimen261
\tikz@lastmovetox=\dimen262
\tikz@lastmovetoy=\dimen263
\tikzleveldistance=\dimen264
\tikzsiblingdistance=\dimen265
\tikz@figbox=\box62
\tikz@figbox@bg=\box63
\tikz@tempbox=\box64
\tikz@tempbox@bg=\box65
\tikztreelevel=\count290
\tikznumberofchildren=\count291
\tikznumberofcurrentchild=\count292
\tikz@fig@count=\count293
 (C:\Users\nihar\AppData\Local\Programs\MiKTeX\tex/generic/pgf/modules\pgfmodulematrix.code.tex
File: pgfmodulematrix.code.tex 2023-01-15 v3.1.10 (3.1.10)
\pgfmatrixcurrentrow=\count294
\pgfmatrixcurrentcolumn=\count295
\pgf@matrix@numberofcolumns=\count296
)
\tikz@expandcount=\count297
 (C:\Users\nihar\AppData\Local\Programs\MiKTeX\tex/generic/pgf/frontendlayer/tikz/libraries\tikzlibrarytopaths.code.tex
File: tikzlibrarytopaths.code.tex 2023-01-15 v3.1.10 (3.1.10)
))) (C:\Users\nihar\AppData\Local\Programs\MiKTeX\tex/latex/pgfplots\pgfplots.sty (C:\Users\nihar\AppData\Local\Programs\MiKTeX\tex/generic/pgfplots\pgfplots.revision.tex)
Package: pgfplots 2021/05/15 v1.18.1 Data Visualization (1.18.1)
 (C:\Users\nihar\AppData\Local\Programs\MiKTeX\tex/generic/pgfplots\pgfplots.code.tex (C:\Users\nihar\AppData\Local\Programs\MiKTeX\tex/generic/pgfplots\pgfplotscore.code.tex
\t@pgfplots@toka=\toks37
\t@pgfplots@tokb=\toks38
\t@pgfplots@tokc=\toks39
\pgfplots@tmpa=\dimen266
\c@pgfplots@coordindex=\count298
\c@pgfplots@scanlineindex=\count299
 (C:\Users\nihar\AppData\Local\Programs\MiKTeX\tex/generic/pgfplots/sys\pgfplotssysgeneric.code.tex)) (C:\Users\nihar\AppData\Local\Programs\MiKTeX\tex/generic/pgfplots/libs\pgfplotslibrary.code.tex) (C:\Users\nihar\AppData\Local\Programs\MiKTeX\tex/generic/pgfplots/oldpgfcompatib\pgfplotsoldpgfsupp_loader.code.tex (C:\Users\nihar\AppData\Local\Programs\MiKTeX\tex/generic/pgf/libraries\pgflibraryfpu.code.tex)
Package pgfplots: loading complementary utilities for your pgf version...
\t@pgf@toka=\toks40
\t@pgf@tokb=\toks41
\t@pgf@tokc=\toks42
(C:\Users\nihar\AppData\Local\Programs\MiKTeX\tex/generic/pgfplots/oldpgfcompatib\pgfplotsoldpgfsupp_pgfutil-common-lists.tex)) (C:\Users\nihar\AppData\Local\Programs\MiKTeX\tex/generic/pgfplots/util\pgfplotsutil.code.tex (C:\Users\nihar\AppData\Local\Programs\MiKTeX\tex/generic/pgfplots/liststructure\pgfplotsliststructure.code.tex) (C:\Users\nihar\AppData\Local\Programs\MiKTeX\tex/generic/pgfplots/liststructure\pgfplotsliststructureext.code.tex) (C:\Users\nihar\AppData\Local\Programs\MiKTeX\tex/generic/pgfplots/liststructure\pgfplotsarray.code.tex
\c@pgfplotsarray@tmp=\count300
) (C:\Users\nihar\AppData\Local\Programs\MiKTeX\tex/generic/pgfplots/liststructure\pgfplotsmatrix.code.tex) (C:\Users\nihar\AppData\Local\Programs\MiKTeX\tex/generic/pgfplots/numtable\pgfplotstableshared.code.tex
\c@pgfplotstable@counta=\count301
\t@pgfplotstable@a=\toks43
) (C:\Users\nihar\AppData\Local\Programs\MiKTeX\tex/generic/pgfplots/liststructure\pgfplotsdeque.code.tex) (C:\Users\nihar\AppData\Local\Programs\MiKTeX\tex/generic/pgfplots/util\pgfplotsbinary.code.tex (C:\Users\nihar\AppData\Local\Programs\MiKTeX\tex/generic/pgfplots/util\pgfplotsbinary.data.code.tex)) (C:\Users\nihar\AppData\Local\Programs\MiKTeX\tex/generic/pgfplots/util\pgfplotsutil.verb.code.tex) (C:\Users\nihar\AppData\Local\Programs\MiKTeX\tex/generic/pgfplots/libs\pgflibrarypgfplots.surfshading.code.tex
\c@pgfplotslibrarysurf@no=\count302
 (C:\Users\nihar\AppData\Local\Programs\MiKTeX\tex/generic/pgfplots/sys\pgflibrarypgfplots.surfshading.pgfsys-pdftex.def))) (C:\Users\nihar\AppData\Local\Programs\MiKTeX\tex/generic/pgfplots/util\pgfplotscolormap.code.tex (C:\Users\nihar\AppData\Local\Programs\MiKTeX\tex/generic/pgfplots/util\pgfplotscolor.code.tex)) (C:\Users\nihar\AppData\Local\Programs\MiKTeX\tex/generic/pgfplots\pgfplotsstackedplots.code.tex) (C:\Users\nihar\AppData\Local\Programs\MiKTeX\tex/generic/pgfplots\pgfplotsplothandlers.code.tex (C:\Users\nihar\AppData\Local\Programs\MiKTeX\tex/generic/pgfplots\pgfplotsmeshplothandler.code.tex (C:\Users\nihar\AppData\Local\Programs\MiKTeX\tex/generic/pgfplots\pgfplotsmeshplotimage.code.tex))) (C:\Users\nihar\AppData\Local\Programs\MiKTeX\tex/generic/pgfplots\pgfplots.scaling.code.tex) (C:\Users\nihar\AppData\Local\Programs\MiKTeX\tex/generic/pgfplots\pgfplotscoordprocessing.code.tex) (C:\Users\nihar\AppData\Local\Programs\MiKTeX\tex/generic/pgfplots\pgfplots.errorbars.code.tex) (C:\Users\nihar\AppData\Local\Programs\MiKTeX\tex/generic/pgfplots\pgfplots.markers.code.tex) (C:\Users\nihar\AppData\Local\Programs\MiKTeX\tex/generic/pgfplots\pgfplotsticks.code.tex) (C:\Users\nihar\AppData\Local\Programs\MiKTeX\tex/generic/pgfplots\pgfplots.paths.code.tex) (C:\Users\nihar\AppData\Local\Programs\MiKTeX\tex/generic/pgf/frontendlayer/tikz/libraries\tikzlibrarydecorations.code.tex (C:\Users\nihar\AppData\Local\Programs\MiKTeX\tex/generic/pgf/modules\pgfmoduledecorations.code.tex
\pgfdecoratedcompleteddistance=\dimen267
\pgfdecoratedremainingdistance=\dimen268
\pgfdecoratedinputsegmentcompleteddistance=\dimen269
\pgfdecoratedinputsegmentremainingdistance=\dimen270
\pgf@decorate@distancetomove=\dimen271
\pgf@decorate@repeatstate=\count303
\pgfdecorationsegmentamplitude=\dimen272
\pgfdecorationsegmentlength=\dimen273
)
\tikz@lib@dec@box=\box66
) (C:\Users\nihar\AppData\Local\Programs\MiKTeX\tex/generic/pgf/frontendlayer/tikz/libraries\tikzlibrarydecorations.pathmorphing.code.tex (C:\Users\nihar\AppData\Local\Programs\MiKTeX\tex/generic/pgf/libraries/decorations\pgflibrarydecorations.pathmorphing.code.tex)) (C:\Users\nihar\AppData\Local\Programs\MiKTeX\tex/generic/pgf/frontendlayer/tikz/libraries\tikzlibrarydecorations.pathreplacing.code.tex (C:\Users\nihar\AppData\Local\Programs\MiKTeX\tex/generic/pgf/libraries/decorations\pgflibrarydecorations.pathreplacing.code.tex)) (C:\Users\nihar\AppData\Local\Programs\MiKTeX\tex/generic/pgfplots/libs\tikzlibrarypgfplots.contourlua.code.tex)
\pgfplots@numplots=\count304
\pgfplots@xmin@reg=\dimen274
\pgfplots@xmax@reg=\dimen275
\pgfplots@ymin@reg=\dimen276
\pgfplots@ymax@reg=\dimen277
\pgfplots@zmin@reg=\dimen278
\pgfplots@zmax@reg=\dimen279
) (C:\Users\nihar\AppData\Local\Programs\MiKTeX\tex/generic/pgf/frontendlayer/tikz/libraries\tikzlibraryplotmarks.code.tex
File: tikzlibraryplotmarks.code.tex 2023-01-15 v3.1.10 (3.1.10)
 (C:\Users\nihar\AppData\Local\Programs\MiKTeX\tex/generic/pgf/libraries\pgflibraryplotmarks.code.tex
File: pgflibraryplotmarks.code.tex 2023-01-15 v3.1.10 (3.1.10)
))) (C:\Users\nihar\AppData\Local\Programs\MiKTeX\tex/latex/tools\multicol.sty
Package: multicol 2023/03/30 v1.9f multicolumn formatting (FMi)
\c@tracingmulticols=\count305
\mult@box=\box67
\multicol@leftmargin=\dimen280
\c@unbalance=\count306
\c@collectmore=\count307
\doublecol@number=\count308
\multicoltolerance=\count309
\multicolpretolerance=\count310
\full@width=\dimen281
\page@free=\dimen282
\premulticols=\dimen283
\postmulticols=\dimen284
\multicolsep=\skip53
\multicolbaselineskip=\skip54
\partial@page=\box68
\last@line=\box69
\mc@boxedresult=\box70
\maxbalancingoverflow=\dimen285
\mult@rightbox=\box71
\mult@grightbox=\box72
\mult@firstbox=\box73
\mult@gfirstbox=\box74
\@tempa=\box75
\@tempa=\box76
\@tempa=\box77
\@tempa=\box78
\@tempa=\box79
\@tempa=\box80
\@tempa=\box81
\@tempa=\box82
\@tempa=\box83
\@tempa=\box84
\@tempa=\box85
\@tempa=\box86
\@tempa=\box87
\@tempa=\box88
\@tempa=\box89
\@tempa=\box90
\@tempa=\box91
\@tempa=\box92
\@tempa=\box93
\@tempa=\box94
\@tempa=\box95
\@tempa=\box96
\@tempa=\box97
\@tempa=\box98
\@tempa=\box99
\@tempa=\box100
\@tempa=\box101
\@tempa=\box102
\@tempa=\box103
\@tempa=\box104
\@tempa=\box105
\@tempa=\box106
\@tempa=\box107
\@tempa=\box108
\@tempa=\box109
\@tempa=\box110
\c@minrows=\count311
\c@columnbadness=\count312
\c@finalcolumnbadness=\count313
\last@try=\dimen286
\multicolovershoot=\dimen287
\multicolundershoot=\dimen288
\mult@nat@firstbox=\box111
\colbreak@box=\box112
\mc@col@check@num=\count314
) (C:\Users\nihar\AppData\Local\Programs\MiKTeX\tex/latex/enumitem\enumitem.sty
Package: enumitem 2019/06/20 v3.9 Customized lists
\labelindent=\skip55
\enit@outerparindent=\dimen289
\enit@toks=\toks44
\enit@inbox=\box113
\enit@count@id=\count315
\enitdp@description=\count316
) (C:\Users\nihar\AppData\Local\Programs\MiKTeX\tex/latex/tools\tabularx.sty
Package: tabularx 2020/01/15 v2.11c `tabularx' package (DPC)
 (C:\Users\nihar\AppData\Local\Programs\MiKTeX\tex/latex/tools\array.sty
Package: array 2022/09/04 v2.5g Tabular extension package (FMi)
\col@sep=\dimen290
\ar@mcellbox=\box114
\extrarowheight=\dimen291
\NC@list=\toks45
\extratabsurround=\skip56
\backup@length=\skip57
\ar@cellbox=\box115
)
\TX@col@width=\dimen292
\TX@old@table=\dimen293
\TX@old@col=\dimen294
\TX@target=\dimen295
\TX@delta=\dimen296
\TX@cols=\count317
\TX@ftn=\toks46
) (C:\Users\nihar\AppData\Local\Programs\MiKTeX\tex/latex/natbib\natbib.sty
Package: natbib 2010/09/13 8.31b (PWD, AO)
\bibhang=\skip58
\bibsep=\skip59
LaTeX Info: Redefining \cite on input line 694.
\c@NAT@ctr=\count318
) (C:\Users\nihar\AppData\Local\Programs\MiKTeX\tex/latex/libertinus\libertinus.sty
Package: libertinus 2020/05/06 v. 0.02 (Herbert Voss) Supports libertinus fonts for pdflatex/lualatex/xelatex
 (C:\Users\nihar\AppData\Local\Programs\MiKTeX\tex/generic/iftex\iftex.sty
Package: iftex 2022/02/03 v1.0f TeX engine tests
) (C:\Users\nihar\AppData\Local\Programs\MiKTeX\tex/latex/xkeyval\xkeyval.sty
Package: xkeyval 2022/06/16 v2.9 package option processing (HA)
 (C:\Users\nihar\AppData\Local\Programs\MiKTeX\tex/generic/xkeyval\xkeyval.tex (C:\Users\nihar\AppData\Local\Programs\MiKTeX\tex/generic/xkeyval\xkvutils.tex
\XKV@toks=\toks47
\XKV@tempa@toks=\toks48
)
\XKV@depth=\count319
File: xkeyval.tex 2014/12/03 v2.7a key=value parser (HA)
)) (C:\Users\nihar\AppData\Local\Programs\MiKTeX\tex/latex/libertinus-type1\libertinus-type1.sty
Package: libertinus-type1 2025/01/06 (Bob Tennent) Supports libertinus fonts for latex/pdflatex.
 (C:\Users\nihar\AppData\Local\Programs\MiKTeX\tex/generic/iftex\ifxetex.sty
Package: ifxetex 2019/10/25 v0.7 ifxetex legacy package. Use iftex instead.
) (C:\Users\nihar\AppData\Local\Programs\MiKTeX\tex/generic/iftex\ifluatex.sty
Package: ifluatex 2019/10/25 v1.5 ifluatex legacy package. Use iftex instead.
) (C:\Users\nihar\AppData\Local\Programs\MiKTeX\tex/latex/base\textcomp.sty
Package: textcomp 2020/02/02 v2.0n Standard LaTeX package
) (C:\Users\nihar\AppData\Local\Programs\MiKTeX\tex/latex/base\fontenc.sty
Package: fontenc 2021/04/29 v2.0v Standard LaTeX package
) (C:\Users\nihar\AppData\Local\Programs\MiKTeX\tex/latex/fontaxes\fontaxes.sty
Package: fontaxes 2020/07/21 v1.0e Font selection axes
LaTeX Info: Redefining \upshape on input line 29.
LaTeX Info: Redefining \itshape on input line 31.
LaTeX Info: Redefining \slshape on input line 33.
LaTeX Info: Redefining \swshape on input line 35.
LaTeX Info: Redefining \scshape on input line 37.
LaTeX Info: Redefining \sscshape on input line 39.
LaTeX Info: Redefining \ulcshape on input line 41.
LaTeX Info: Redefining \textsw on input line 47.
LaTeX Info: Redefining \textssc on input line 48.
LaTeX Info: Redefining \textulc on input line 49.
))) (C:\Users\nihar\AppData\Local\Programs\MiKTeX\tex/latex/geometry\geometry.sty
Package: geometry 2020/01/02 v5.9 Page Geometry
 (C:\Users\nihar\AppData\Local\Programs\MiKTeX\tex/generic/iftex\ifvtex.sty
Package: ifvtex 2019/10/25 v1.7 ifvtex legacy package. Use iftex instead.
)
\Gm@cnth=\count320
\Gm@cntv=\count321
\c@Gm@tempcnt=\count322
\Gm@bindingoffset=\dimen297
\Gm@wd@mp=\dimen298
\Gm@odd@mp=\dimen299
\Gm@even@mp=\dimen300
\Gm@layoutwidth=\dimen301
\Gm@layoutheight=\dimen302
\Gm@layouthoffset=\dimen303
\Gm@layoutvoffset=\dimen304
\Gm@dimlist=\toks49
 (C:\Users\nihar\AppData\Local\Programs\MiKTeX\tex/latex/geometry\geometry.cfg)) (C:\Users\nihar\AppData\Local\Programs\MiKTeX\tex/latex/listings\listings.sty
\lst@mode=\count323
\lst@gtempboxa=\box116
\lst@token=\toks50
\lst@length=\count324
\lst@currlwidth=\dimen305
\lst@column=\count325
\lst@pos=\count326
\lst@lostspace=\dimen306
\lst@width=\dimen307
\lst@newlines=\count327
\lst@lineno=\count328
\lst@maxwidth=\dimen308
 (C:\Users\nihar\AppData\Local\Programs\MiKTeX\tex/latex/listings\lstmisc.sty
File: lstmisc.sty 2023/02/27 1.9 (Carsten Heinz)
\c@lstnumber=\count329
\lst@skipnumbers=\count330
\lst@framebox=\box117
) (C:\Users\nihar\AppData\Local\Programs\MiKTeX\tex/latex/listings\listings.cfg
File: listings.cfg 2023/02/27 1.9 listings configuration
))
Package: listings 2023/02/27 1.9 (Carsten Heinz)
 (C:\Users\nihar\AppData\Local\Programs\MiKTeX\tex/latex/tcolorbox\tcolorbox.sty
Package: tcolorbox 2023/09/26 version 6.1.0 text color boxes
 (C:\Users\nihar\AppData\Local\Programs\MiKTeX\tex/latex/tools\verbatim.sty
Package: verbatim 2022-07-02 v1.5u LaTeX2e package for verbatim enhancements
\every@verbatim=\toks51
\verbatim@line=\toks52
\verbatim@in@stream=\read3
) (C:\Users\nihar\AppData\Local\Programs\MiKTeX\tex/latex/environ\environ.sty
Package: environ 2014/05/04 v0.3 A new way to define environments
 (C:\Users\nihar\AppData\Local\Programs\MiKTeX\tex/latex/trimspaces\trimspaces.sty
Package: trimspaces 2009/09/17 v1.1 Trim spaces around a token list
)) (C:\Users\nihar\AppData\Local\Programs\MiKTeX\tex/latex/etoolbox\etoolbox.sty
Package: etoolbox 2020/10/05 v2.5k e-TeX tools for LaTeX (JAW)
\etb@tempcnta=\count331
)
\tcb@titlebox=\box118
\tcb@upperbox=\box119
\tcb@lowerbox=\box120
\tcb@phantombox=\box121
\c@tcbbreakpart=\count332
\c@tcblayer=\count333
\c@tcolorbox@number=\count334
\tcb@temp=\box122
\tcb@temp=\box123
\tcb@temp=\box124
\tcb@temp=\box125
) (C:\Users\nihar\AppData\Local\Programs\MiKTeX\tex/latex/tcolorbox\tcbskins.code.tex
Library (tcolorbox): 'tcbskins.code.tex' version '6.1.0'
(C:\Users\nihar\AppData\Local\Programs\MiKTeX\tex/latex/tikzfill\tikzfill.image.sty
Package: tikzfill.image 2023/08/08 v1.0.1 Image filling library for TikZ
 (C:\Users\nihar\AppData\Local\Programs\MiKTeX\tex/latex/tikzfill\tikzfill-common.sty
Package: tikzfill-common 2023/08/08 v1.0.1 Auxiliary code for tikzfill
) (C:\Users\nihar\AppData\Local\Programs\MiKTeX\tex/latex/tikzfill\tikzlibraryfill.image.code.tex
File: tikzlibraryfill.image.code.tex 2023/08/08 v1.0.1 Image filling library
\l__tikzfill_img_box=\box126
)) (C:\Users\nihar\AppData\Local\Programs\MiKTeX\tex/latex/tcolorbox\tcbskinsjigsaw.code.tex
Library (tcolorbox): 'tcbskinsjigsaw.code.tex' version '6.1.0'
)) (C:\Users\nihar\AppData\Local\Programs\MiKTeX\tex/latex/tcolorbox\tcbbreakable.code.tex
Library (tcolorbox): 'tcbbreakable.code.tex' version '6.1.0'
(C:\Users\nihar\AppData\Local\Programs\MiKTeX\tex/latex/pdfcol\pdfcol.sty
Package: pdfcol 2022-09-21 v1.7 Handle new color stacks for pdfTeX (HO)
 (C:\Users\nihar\AppData\Local\Programs\MiKTeX\tex/generic/ltxcmds\ltxcmds.sty
Package: ltxcmds 2020-05-10 v1.25 LaTeX kernel commands for general use (HO)
) (C:\Users\nihar\AppData\Local\Programs\MiKTeX\tex/generic/infwarerr\infwarerr.sty
Package: infwarerr 2019/12/03 v1.5 Providing info/warning/error messages (HO)
))
Package pdfcol Info: New color stack `tcb@breakable' = 1 on input line 23.
\tcb@testbox=\box127
\tcb@totalupperbox=\box128
\tcb@totallowerbox=\box129
) (C:\Users\nihar\AppData\Local\Programs\MiKTeX\tex/latex/hyperref\hyperref.sty
Package: hyperref 2023-07-08 v7.01b Hypertext links for LaTeX
 (C:\Users\nihar\AppData\Local\Programs\MiKTeX\tex/generic/pdftexcmds\pdftexcmds.sty
Package: pdftexcmds 2020-06-27 v0.33 Utility functions of pdfTeX for LuaTeX (HO)
Package pdftexcmds Info: \pdf@primitive is available.
Package pdftexcmds Info: \pdf@ifprimitive is available.
Package pdftexcmds Info: \pdfdraftmode found.
) (C:\Users\nihar\AppData\Local\Programs\MiKTeX\tex/latex/kvsetkeys\kvsetkeys.sty
Package: kvsetkeys 2022-10-05 v1.19 Key value parser (HO)
) (C:\Users\nihar\AppData\Local\Programs\MiKTeX\tex/generic/kvdefinekeys\kvdefinekeys.sty
Package: kvdefinekeys 2019-12-19 v1.6 Define keys (HO)
) (C:\Users\nihar\AppData\Local\Programs\MiKTeX\tex/generic/pdfescape\pdfescape.sty
Package: pdfescape 2019/12/09 v1.15 Implements pdfTeX's escape features (HO)
) (C:\Users\nihar\AppData\Local\Programs\MiKTeX\tex/latex/hycolor\hycolor.sty
Package: hycolor 2020-01-27 v1.10 Color options for hyperref/bookmark (HO)
) (C:\Users\nihar\AppData\Local\Programs\MiKTeX\tex/latex/letltxmacro\letltxmacro.sty
Package: letltxmacro 2019/12/03 v1.6 Let assignment for LaTeX macros (HO)
) (C:\Users\nihar\AppData\Local\Programs\MiKTeX\tex/latex/auxhook\auxhook.sty
Package: auxhook 2019-12-17 v1.6 Hooks for auxiliary files (HO)
) (C:\Users\nihar\AppData\Local\Programs\MiKTeX\tex/latex/hyperref\nameref.sty
Package: nameref 2023-08-07 v2.53 Cross-referencing by name of section
 (C:\Users\nihar\AppData\Local\Programs\MiKTeX\tex/latex/refcount\refcount.sty
Package: refcount 2019/12/15 v3.6 Data extraction from label references (HO)
) (C:\Users\nihar\AppData\Local\Programs\MiKTeX\tex/generic/gettitlestring\gettitlestring.sty
Package: gettitlestring 2019/12/15 v1.6 Cleanup title references (HO)
 (C:\Users\nihar\AppData\Local\Programs\MiKTeX\tex/latex/kvoptions\kvoptions.sty
Package: kvoptions 2022-06-15 v3.15 Key value format for package options (HO)
))
\c@section@level=\count335
)
\@linkdim=\dimen309
\Hy@linkcounter=\count336
\Hy@pagecounter=\count337
 (C:\Users\nihar\AppData\Local\Programs\MiKTeX\tex/latex/hyperref\pd1enc.def
File: pd1enc.def 2023-07-08 v7.01b Hyperref: PDFDocEncoding definition (HO)
Now handling font encoding PD1 ...
... no UTF-8 mapping file for font encoding PD1
) (C:\Users\nihar\AppData\Local\Programs\MiKTeX\tex/generic/intcalc\intcalc.sty
Package: intcalc 2019/12/15 v1.3 Expandable calculations with integers (HO)
)
\Hy@SavedSpaceFactor=\count338
 (C:\Users\nihar\AppData\Local\Programs\MiKTeX\tex/latex/hyperref\puenc.def
File: puenc.def 2023-07-08 v7.01b Hyperref: PDF Unicode definition (HO)
Now handling font encoding PU ...
... no UTF-8 mapping file for font encoding PU
)
Package hyperref Info: Hyper figures OFF on input line 4167.
Package hyperref Info: Link nesting OFF on input line 4172.
Package hyperref Info: Hyper index ON on input line 4175.
Package hyperref Info: Plain pages OFF on input line 4182.
Package hyperref Info: Backreferencing OFF on input line 4187.
Package hyperref Info: Implicit mode ON; LaTeX internals redefined.
Package hyperref Info: Bookmarks ON on input line 4434.
\c@Hy@tempcnt=\count339
 (C:\Users\nihar\AppData\Local\Programs\MiKTeX\tex/latex/url\url.sty
\Urlmuskip=\muskip17
Package: url 2013/09/16  ver 3.4  Verb mode for urls, etc.
)
LaTeX Info: Redefining \url on input line 4772.
\XeTeXLinkMargin=\dimen310
 (C:\Users\nihar\AppData\Local\Programs\MiKTeX\tex/generic/bitset\bitset.sty
Package: bitset 2019/12/09 v1.3 Handle bit-vector datatype (HO)
 (C:\Users\nihar\AppData\Local\Programs\MiKTeX\tex/generic/bigintcalc\bigintcalc.sty
Package: bigintcalc 2019/12/15 v1.5 Expandable calculations on big integers (HO)
))
\Fld@menulength=\count340
\Field@Width=\dimen311
\Fld@charsize=\dimen312
Package hyperref Info: Hyper figures OFF on input line 6051.
Package hyperref Info: Link nesting OFF on input line 6056.
Package hyperref Info: Hyper index ON on input line 6059.
Package hyperref Info: backreferencing OFF on input line 6066.
Package hyperref Info: Link coloring OFF on input line 6071.
Package hyperref Info: Link coloring with OCG OFF on input line 6076.
Package hyperref Info: PDF/A mode OFF on input line 6081.
 (C:\Users\nihar\AppData\Local\Programs\MiKTeX\tex/latex/base\atbegshi-ltx.sty
Package: atbegshi-ltx 2021/01/10 v1.0c Emulation of the original atbegshi
package with kernel methods
)
\Hy@abspage=\count341
\c@Item=\count342
\c@Hfootnote=\count343
)
Package hyperref Info: Driver (autodetected): hpdftex.
 (C:\Users\nihar\AppData\Local\Programs\MiKTeX\tex/latex/hyperref\hpdftex.def
File: hpdftex.def 2023-07-08 v7.01b Hyperref driver for pdfTeX
 (C:\Users\nihar\AppData\Local\Programs\MiKTeX\tex/latex/base\atveryend-ltx.sty
Package: atveryend-ltx 2020/08/19 v1.0a Emulation of the original atveryend package
with kernel methods
)
\Fld@listcount=\count344
\c@bookmark@seq@number=\count345
 (C:\Users\nihar\AppData\Local\Programs\MiKTeX\tex/latex/rerunfilecheck\rerunfilecheck.sty
Package: rerunfilecheck 2022-07-10 v1.10 Rerun checks for auxiliary files (HO)
 (C:\Users\nihar\AppData\Local\Programs\MiKTeX\tex/generic/uniquecounter\uniquecounter.sty
Package: uniquecounter 2019/12/15 v1.4 Provide unlimited unique counter (HO)
)
Package uniquecounter Info: New unique counter `rerunfilecheck' on input line 285.
)
\Hy@SectionHShift=\skip60
)
Package hyperref Info: Option `colorlinks' set `true' on input line 116.
 (C:\Users\nihar\AppData\Local\Programs\MiKTeX\tex/latex/fancyhdr\fancyhdr.sty
Package: fancyhdr 2022/11/09 v4.1 Extensive control of page headers and footers
\f@nch@headwidth=\skip61
\f@nch@O@elh=\skip62
\f@nch@O@erh=\skip63
\f@nch@O@olh=\skip64
\f@nch@O@orh=\skip65
\f@nch@O@elf=\skip66
\f@nch@O@erf=\skip67
\f@nch@O@olf=\skip68
\f@nch@O@orf=\skip69
) (C:\Users\nihar\AppData\Local\Programs\MiKTeX\tex/latex/lastpage\lastpage.sty
Package: lastpage 2023/10/06 v2.0d lastpage: 2.09 or 2e? (HMM)
 (C:\Users\nihar\AppData\Local\Programs\MiKTeX\tex/latex/lastpage\lastpage2e.sty
Package: lastpage2e 2023/10/06 v2.0d Decide which 2e lastpage version to use (HMM)
 (C:\Users\nihar\AppData\Local\Programs\MiKTeX\tex/latex/lastpage\lastpagemodern.sty
Package: lastpagemodern 2023-10-06 v2.0d Refers to last page's name (HMM; JPG)
\c@lastpagecount=\count346
) 
)) (C:\Users\nihar\AppData\Local\Programs\MiKTeX\tex/latex/titlesec\titlesec.sty
Package: titlesec 2021/07/05 v2.14 Sectioning titles
\ttl@box=\box130
\beforetitleunit=\skip70
\aftertitleunit=\skip71
\ttl@plus=\dimen313
\ttl@minus=\dimen314
\ttl@toksa=\toks53
\titlewidth=\dimen315
\titlewidthlast=\dimen316
\titlewidthfirst=\dimen317
) (C:\Users\nihar\AppData\Local\Programs\MiKTeX\tex/latex/tocloft\tocloft.sty
Package: tocloft 2017/08/31 v2.3i parameterised ToC, etc., typesetting
Package tocloft Info: The document has chapter divisions on input line 51.
\cftparskip=\skip72
\cftbeforetoctitleskip=\skip73
\cftaftertoctitleskip=\skip74
\cftbeforepartskip=\skip75
\cftpartnumwidth=\skip76
\cftpartindent=\skip77
\cftbeforechapskip=\skip78
\cftchapindent=\skip79
\cftchapnumwidth=\skip80
\cftbeforesecskip=\skip81
\cftsecindent=\skip82
\cftsecnumwidth=\skip83
\cftbeforesubsecskip=\skip84
\cftsubsecindent=\skip85
\cftsubsecnumwidth=\skip86
\cftbeforesubsubsecskip=\skip87
\cftsubsubsecindent=\skip88
\cftsubsubsecnumwidth=\skip89
\cftbeforeparaskip=\skip90
\cftparaindent=\skip91
\cftparanumwidth=\skip92
\cftbeforesubparaskip=\skip93
\cftsubparaindent=\skip94
\cftsubparanumwidth=\skip95
\cftbeforeloftitleskip=\skip96
\cftafterloftitleskip=\skip97
\cftbeforefigskip=\skip98
\cftfigindent=\skip99
\cftfignumwidth=\skip100
\c@lofdepth=\count347
\c@lotdepth=\count348
\cftbeforelottitleskip=\skip101
\cftafterlottitleskip=\skip102
\cftbeforetabskip=\skip103
\cfttabindent=\skip104
\cfttabnumwidth=\skip105
)
LaTeX Font Info:    Trying to load font information for OT1+LibertinusSerif-TLF on input line 150.
 (C:\Users\nihar\AppData\Local\Programs\MiKTeX\tex/latex/libertinus-type1\ot1libertinusserif-tlf.fd
File: OT1LibertinusSerif-TLF.fd 2024/09/22 (autoinst) Font definitions for OT1/LibertinusSerif-TLF.
)
LaTeX Font Info:    Font shape `OT1/LibertinusSerif-TLF/m/n' will be
(Font)              scaled to size 12.0pt on input line 150.
 (C:\Users\nihar\AppData\Local\Programs\MiKTeX\tex/latex/l3backend\l3backend-pdftex.def
File: l3backend-pdftex.def 2023-10-10 L3 backend support: PDF output (pdfTeX)
\l__color_backend_stack_int=\count349
\l__pdf_internal_box=\box131
) (notes.aux)
\openout1 = `notes.aux'.

LaTeX Font Info:    Checking defaults for OML/cmm/m/it on input line 150.
LaTeX Font Info:    ... okay on input line 150.
LaTeX Font Info:    Checking defaults for OMS/cmsy/m/n on input line 150.
LaTeX Font Info:    ... okay on input line 150.
LaTeX Font Info:    Checking defaults for OT1/cmr/m/n on input line 150.
LaTeX Font Info:    ... okay on input line 150.
LaTeX Font Info:    Checking defaults for T1/cmr/m/n on input line 150.
LaTeX Font Info:    ... okay on input line 150.
LaTeX Font Info:    Checking defaults for TS1/cmr/m/n on input line 150.
LaTeX Font Info:    ... okay on input line 150.
LaTeX Font Info:    Checking defaults for OMX/cmex/m/n on input line 150.
LaTeX Font Info:    ... okay on input line 150.
LaTeX Font Info:    Checking defaults for U/cmr/m/n on input line 150.
LaTeX Font Info:    ... okay on input line 150.
LaTeX Font Info:    Checking defaults for PD1/pdf/m/n on input line 150.
LaTeX Font Info:    ... okay on input line 150.
LaTeX Font Info:    Checking defaults for PU/pdf/m/n on input line 150.
LaTeX Font Info:    ... okay on input line 150.
 (C:\Users\nihar\AppData\Local\Programs\MiKTeX\tex/context/base/mkii\supp-pdf.mkii
[Loading MPS to PDF converter (version 2006.09.02).]
\scratchcounter=\count350
\scratchdimen=\dimen318
\scratchbox=\box132
\nofMPsegments=\count351
\nofMParguments=\count352
\everyMPshowfont=\toks54
\MPscratchCnt=\count353
\MPscratchDim=\dimen319
\MPnumerator=\count354
\makeMPintoPDFobject=\count355
\everyMPtoPDFconversion=\toks55
) (C:\Users\nihar\AppData\Local\Programs\MiKTeX\tex/latex/epstopdf-pkg\epstopdf-base.sty
Package: epstopdf-base 2020-01-24 v2.11 Base part for package epstopdf
Package epstopdf-base Info: Redefining graphics rule for `.eps' on input line 485.
 (C:\Users\nihar\AppData\Local\Programs\MiKTeX\tex/latex/00miktex\epstopdf-sys.cfg
File: epstopdf-sys.cfg 2021/03/18 v2.0 Configuration of epstopdf for MiKTeX
))
Package caption Info: Begin \AtBeginDocument code.
Package caption Info: hyperref package is loaded.
Package caption Info: listings package is loaded.
Package caption Info: End \AtBeginDocument code.

Package pgfplots notification 'compat/show suggested version=true': document has been generated with the most recent feature set (\pgfplotsset{compat=1.18}).

\c@mv@tabular=\count356
\c@mv@boldtabular=\count357
*geometry* driver: auto-detecting
*geometry* detected driver: pdftex
*geometry* verbose mode - [ preamble ] result:
* driver: pdftex
* paper: a4paper
* layout: <same size as paper>
* layoutoffset:(h,v)=(0.0pt,0.0pt)
* modes: twoside 
* h-part:(L,W,R)=(86.72377pt, 438.51411pt, 72.26999pt)
* v-part:(T,H,B)=(72.26999pt, 700.50687pt, 72.26999pt)
* \paperwidth=597.50787pt
* \paperheight=845.04684pt
* \textwidth=438.51411pt
* \textheight=700.50687pt
* \oddsidemargin=14.45378pt
* \evensidemargin=0.0pt
* \topmargin=-31.8738pt
* \headheight=14.49998pt
* \headsep=19.8738pt
* \topskip=12.0pt
* \footskip=30.0pt
* \marginparwidth=98.0pt
* \marginparsep=7.0pt
* \columnsep=10.0pt
* \skip\footins=10.8pt plus 4.0pt minus 2.0pt
* \hoffset=0.0pt
* \voffset=0.0pt
* \mag=1000
* \@twocolumnfalse
* \@twosidetrue
* \@mparswitchtrue
* \@reversemarginfalse
* (1in=72.27pt=25.4mm, 1cm=28.453pt)

\c@lstlisting=\count358
Package hyperref Info: Link coloring ON on input line 150.
(notes.out) (notes.out)
\@outlinefile=\write4
\openout4 = `notes.out'.

LaTeX Font Info:    Font shape `OT1/LibertinusSerif-TLF/m/n' will be
(Font)              scaled to size 20.74pt on input line 157.
LaTeX Font Info:    Font shape `OT1/LibertinusSerif-TLF/m/n' will be
(Font)              scaled to size 14.4pt on input line 157.
LaTeX Font Info:    Trying to load font information for U+msa on input line 157.
 (C:\Users\nihar\AppData\Local\Programs\MiKTeX\tex/latex/amsfonts\umsa.fd
File: umsa.fd 2013/01/14 v3.01 AMS symbols A
)
LaTeX Font Info:    Trying to load font information for U+msb on input line 157.
 (C:\Users\nihar\AppData\Local\Programs\MiKTeX\tex/latex/amsfonts\umsb.fd
File: umsb.fd 2013/01/14 v3.01 AMS symbols B
) [1



{C:/Users/nihar/AppData/Local/MiKTeX/fonts/map/pdftex/pdftex.map}{C:/Users/nihar/AppData/Local/Programs/MiKTeX/fonts/enc/dvips/libertinus-type1/lbn1_674lrv.enc}]
LaTeX Font Info:    Font shape `OT1/LibertinusSerif-TLF/m/n' will be
(Font)              scaled to size 24.88pt on input line 158.
LaTeX Font Info:    Font shape `OT1/LibertinusSerif-TLF/b/n' will be
(Font)              scaled to size 24.88pt on input line 158.
 (notes.toc
LaTeX Font Info:    Font shape `OT1/LibertinusSerif-TLF/b/n' will be
(Font)              scaled to size 12.0pt on input line 1.
 [2{C:/Users/nihar/AppData/Local/Programs/MiKTeX/fonts/enc/dvips/libertinus-type1/lbn1_poicuj.enc}])
\tf@toc=\write5
\openout5 = `notes.toc'.

 [3]
Chapter 1.
LaTeX Font Info:    Font shape `OT1/LibertinusSerif-TLF/m/n' will be
(Font)              scaled to size 17.28pt on input line 167.
LaTeX Font Info:    Font shape `OT1/LibertinusSerif-TLF/b/n' will be
(Font)              scaled to size 17.28pt on input line 167.
LaTeX Font Info:    Trying to load font information for TS1+LibertinusSerif-TLF on input line 175.
(C:\Users\nihar\AppData\Local\Programs\MiKTeX\tex/latex/libertinus-type1\ts1libertinusserif-tlf.fd
File: TS1LibertinusSerif-TLF.fd 2024/09/22 (autoinst) Font definitions for TS1/LibertinusSerif-TLF.
)
LaTeX Font Info:    Font shape `TS1/LibertinusSerif-TLF/m/n' will be
(Font)              scaled to size 12.0pt on input line 175.
LaTeX Font Info:    Font shape `OT1/LibertinusSerif-TLF/m/n' will be
(Font)              scaled to size 8.0pt on input line 177.
LaTeX Font Info:    Font shape `OT1/LibertinusSerif-TLF/m/n' will be
(Font)              scaled to size 6.0pt on input line 177.
LaTeX Font Info:    Font shape `OT1/LibertinusSerif-TLF/b/n' will be
(Font)              scaled to size 14.4pt on input line 190.
 [1


{C:/Users/nihar/AppData/Local/Programs/MiKTeX/fonts/enc/dvips/libertinus-type1/lbn1_rlktsf.enc}] [2]
LaTeX Font Info:    Trying to load font information for OT1+LibertinusMono-TLF on input line 261.
 (C:\Users\nihar\AppData\Local\Programs\MiKTeX\tex/latex/libertinus-type1\ot1libertinusmono-tlf.fd
File: OT1LibertinusMono-TLF.fd 2025/01/11 (autoinst) Font definitions for OT1/LibertinusMono-TLF.
)
LaTeX Font Info:    Font shape `OT1/LibertinusMono-TLF/m/n' will be
(Font)              scaled to size 10.20007pt on input line 261.

Underfull \vbox (badness 4726) has occurred while \output is active []

 [3{C:/Users/nihar/AppData/Local/Programs/MiKTeX/fonts/enc/dvips/libertinus-type1/lbn1_wbnhrd.enc}]
LaTeX Font Info:    Font shape `OT1/LibertinusSerif-TLF/m/it' will be
(Font)              scaled to size 12.0pt on input line 319.
 [4{C:/Users/nihar/AppData/Local/Programs/MiKTeX/fonts/enc/dvips/libertinus-type1/lbn1_oaaihm.enc}] [5]
Underfull \hbox (badness 4217) in paragraph at lines 428--428
[]|\OT1/LibertinusSerif-TLF/m/n/12 000...01 to 111...11 (at
 []

[6] [7]
<images/memory_layout.png, id=458, 481.8pt x 284.56313pt>
File: images/memory_layout.png Graphic file (type png)
<use images/memory_layout.png>
Package pdftex.def Info: images/memory_layout.png  used on input line 506.
(pdftex.def)             Requested size: 350.81262pt x 207.20395pt.
 [8 <./images/memory_layout.png>]
<images/memory_layout_func1.png, id=468, 475.7775pt x 289.83281pt>
File: images/memory_layout_func1.png Graphic file (type png)
<use images/memory_layout_func1.png>
Package pdftex.def Info: images/memory_layout_func1.png  used on input line 524.
(pdftex.def)             Requested size: 350.81262pt x 213.71666pt.
 [9 <./images/memory_layout_func1.png>]
<images/program_data.png, id=478, 191.9672pt x 349.305pt>
File: images/program_data.png Graphic file (type png)
<use images/program_data.png>
Package pdftex.def Info: images/program_data.png  used on input line 562.
(pdftex.def)             Requested size: 109.62852pt x 199.48433pt.
 [10 <./images/program_data.png>]
<images/program_memory.png, id=488, 271.0125pt x 467.49657pt>
File: images/program_memory.png Graphic file (type png)
<use images/program_memory.png>
Package pdftex.def Info: images/program_memory.png  used on input line 588.
(pdftex.def)             Requested size: 219.25705pt x 378.22787pt.
 [11 <./images/program_memory.png>]
<images/computer_organization.png, id=498, 551.05875pt x 410.2828pt>
File: images/computer_organization.png Graphic file (type png)
<use images/computer_organization.png>
Package pdftex.def Info: images/computer_organization.png  used on input line 608.
(pdftex.def)             Requested size: 219.25705pt x 163.24628pt.
 [12 <./images/computer_organization.png>]
<images/memory_addressing.png, id=506, 330.48468pt x 478.03593pt>
File: images/memory_addressing.png Graphic file (type png)
<use images/memory_addressing.png>
Package pdftex.def Info: images/memory_addressing.png  used on input line 675.
(pdftex.def)             Requested size: 209.91179pt x 303.64426pt.
 [13] [14 <./images/memory_addressing.png>]
<images/memory_address.png, id=520, 298.2342pt x 39.0258pt>
File: images/memory_address.png Graphic file (type png)
<use images/memory_address.png>
Package pdftex.def Info: images/memory_address.png  used on input line 709.
(pdftex.def)             Requested size: 219.25705pt x 28.69225pt.
<images/cache_memory.png, id=522, 638.8668pt x 417.7206pt>
File: images/cache_memory.png Graphic file (type png)
<use images/cache_memory.png>
Package pdftex.def Info: images/cache_memory.png  used on input line 722.
(pdftex.def)             Requested size: 350.81262pt x 229.38373pt.
 [15 <./images/memory_address.png>]
<images/mem_access.png, id=532, 755.07094pt x 451.6875pt>
File: images/mem_access.png Graphic file (type png)
<use images/mem_access.png>
Package pdftex.def Info: images/mem_access.png  used on input line 739.
(pdftex.def)             Requested size: 306.95853pt x 183.62164pt.
 [16 <./images/cache_memory.png>] [17 <./images/mem_access.png>] [18]
<images/set_associative.png, id=566, 569.12625pt x 321.45094pt>
File: images/set_associative.png Graphic file (type png)
<use images/set_associative.png>
Package pdftex.def Info: images/set_associative.png  used on input line 854.
(pdftex.def)             Requested size: 219.25705pt x 123.83992pt.

Underfull \vbox (badness 1142) has occurred while \output is active []

 [19]
<images/2way_set.png, id=573, 704.6325pt x 395.22656pt>
File: images/2way_set.png Graphic file (type png)
<use images/2way_set.png>
Package pdftex.def Info: images/2way_set.png  used on input line 893.
(pdftex.def)             Requested size: 306.95853pt x 172.16942pt.
 [20 <./images/set_associative.png>] [21 <./images/2way_set.png>]
Underfull \vbox (badness 10000) has occurred while \output is active []

 [22]
Package hyperref Info: bookmark level for unknown lstlisting defaults to 0 on input line 976.
LaTeX Font Info:    Trying to load font information for OML+LibertinusSerif-TLF on input line 978.
LaTeX Font Info:    No file OMLLibertinusSerif-TLF.fd. on input line 978.


LaTeX Font Warning: Font shape `OML/LibertinusSerif-TLF/m/n' undefined
(Font)              using `OML/cmm/m/it' instead
(Font)              for symbol `textless' on input line 978.

[23]
Overfull \hbox (37.70988pt too wide) in paragraph at lines 993--994
\OT1/LibertinusSerif-TLF/m/n/12 ad-dress of \OT1/LibertinusMono-TLF/m/n/12 A[0]\OT1/LibertinusSerif-TLF/m/n/12 ) is \OT1/LibertinusMono-TLF/m/n/12 0xA000\OT1/LibertinusSerif-TLF/m/n/12 , which cor-re-sponds to the bi-nary ad-dress \OT1/LibertinusMono-TLF/m/n/12 10101000000000000\OT1/LibertinusSerif-TLF/m/n/12 ,
 []

[24]
Overfull \hbox (1.97916pt too wide) in paragraph at lines 1057--1058
\OT1/LibertinusSerif-TLF/m/n/12 con-flict with each other, load-ing $\OML/LibertinusSerif-TLF/m/n/12 B\OT1/cmr/m/n/12 [0]$ \OT1/LibertinusSerif-TLF/m/n/12 causes mem-ory block con-tain-ing $\OML/LibertinusSerif-TLF/m/n/12 A\OT1/cmr/m/n/12 [0]\OML/LibertinusSerif-TLF/m/n/12 ; A\OT1/cmr/m/n/12 [1]\OML/LibertinusSerif-TLF/m/n/12 ; A\OT1/cmr/m/n/12 [2]\OML/LibertinusSerif-TLF/m/n/12 ; A\OT1/cmr/m/n/12 [3]$
 []

[25] [26]
Overfull \hbox (45.91936pt too wide) in paragraph at lines 1123--1124
[]\OT1/LibertinusSerif-TLF/m/n/12 Thus, we ob-serve that a bet-ter cache hit ra-tio sig-nif-i-cantly re-duces the ex-e-cu-tion time|improving
 []

LaTeX Font Info:    Trying to load font information for OMS+LibertinusSerif-TLF on input line 1129.
LaTeX Font Info:    No file OMSLibertinusSerif-TLF.fd. on input line 1129.

LaTeX Font Warning: Font shape `OMS/LibertinusSerif-TLF/m/n' undefined
(Font)              using `OMS/cmsy/m/n' instead
(Font)              for symbol `textbraceleft' on input line 1129.

[27] (C:\Users\nihar\AppData\Local\Programs\MiKTeX\tex/latex/listings\lstlang1.sty
File: lstlang1.sty 2023/02/27 1.9 listings language file
) [28] [29] [30]
Overfull \hbox (7.11441pt too wide) in paragraph at lines 1287--1288
[]\OT1/LibertinusSerif-TLF/m/n/12 However, this ex-am-ple also il-lus-trates an im-por-tant prin-ci-ple: \OT1/LibertinusSerif-TLF/b/n/12 loop in-ter-change should
 []

(C:\Users\nihar\AppData\Local\Programs\MiKTeX\tex/latex/listings\lstlang1.sty
File: lstlang1.sty 2023/02/27 1.9 listings language file
) (C:\Users\nihar\AppData\Local\Programs\MiKTeX\tex/latex/listings\lstlang1.sty
File: lstlang1.sty 2023/02/27 1.9 listings language file
) (C:\Users\nihar\AppData\Local\Programs\MiKTeX\tex/latex/listings\lstmisc.sty
File: lstmisc.sty 2023/02/27 1.9 (Carsten Heinz)
) [31] [32] [33] [34]
Overfull \hbox (29.49065pt too wide) in paragraph at lines 1491--1492
[][][][][][][][][][][][][][][][][][][][][][][][][][][][][][][][][][][][][][][][][][][][][][] 
 []

[35]
Overfull \hbox (29.49065pt too wide) in paragraph at lines 1502--1503
[][][][][][][][][][][][][][][][][][][][][][][][][][][][][][][][][][][][][][][][][][][][][][] 
 []


Overfull \hbox (72.69109pt too wide) in paragraph at lines 1503--1504
[][][][][][][][][][][][][][][][][][][][][][][][][][][][][][][][][][][][][][][][][][][][][][] 
 []

[36] [37] [38] [39] [40]
Chapter 2.

Overfull \hbox (27.25323pt too wide) detected at line 1767
[][][][]
 []

<images/moore.png, id=895, 1927.2pt x 1426.32875pt>
File: images/moore.png Graphic file (type png)
<use images/moore.png>
Package pdftex.def Info: images/moore.png  used on input line 1771.
(pdftex.def)             Requested size: 350.81262pt x 259.62271pt.
[41

 <./images/moore.png>]
<images/simd.png, id=902, 507.39563pt x 350.05782pt>
File: images/simd.png Graphic file (type png)
<use images/simd.png>
Package pdftex.def Info: images/simd.png  used on input line 1803.
(pdftex.def)             Requested size: 350.81262pt x 242.0369pt.

Underfull \vbox (badness 10000) has occurred while \output is active []

 [42] [43 <./images/simd.png>]
<images/mimd.png, id=918, 507.39563pt x 342.5297pt>
File: images/mimd.png Graphic file (type png)
<use images/mimd.png>
Package pdftex.def Info: images/mimd.png  used on input line 1837.
(pdftex.def)             Requested size: 350.81262pt x 236.8318pt.
<images/shared_memory.png, id=920, 578.6418pt x 236.5638pt>
File: images/shared_memory.png Graphic file (type png)
<use images/shared_memory.png>
Package pdftex.def Info: images/shared_memory.png  used on input line 1855.
(pdftex.def)             Requested size: 350.81262pt x 143.42293pt.
 [44 <./images/mimd.png>]
<images/uma.png, id=929, 402.303pt x 398.4486pt>
File: images/uma.png Graphic file (type png)
<use images/uma.png>
Package pdftex.def Info: images/uma.png  used on input line 1879.
(pdftex.def)             Requested size: 219.25705pt x 217.15321pt.

Underfull \vbox (badness 10000) has occurred while \output is active []

 [45 <./images/shared_memory.png>]
<images/numa.png, id=938, 503.9628pt x 324.2514pt>
File: images/numa.png Graphic file (type png)
<use images/numa.png>
Package pdftex.def Info: images/numa.png  used on input line 1890.
(pdftex.def)             Requested size: 219.25705pt x 141.07295pt.
<images/distributed_memory.png, id=940, 503.9628pt x 317.0244pt>
File: images/distributed_memory.png Graphic file (type png)
<use images/distributed_memory.png>
Package pdftex.def Info: images/distributed_memory.png  used on input line 1900.
(pdftex.def)             Requested size: 219.25705pt x 137.92868pt.

Underfull \vbox (badness 4316) has occurred while \output is active []

 [46 <./images/uma.png> <./images/numa.png>]
Overfull \hbox (17.45503pt too wide) in paragraph at lines 1904--1910
\OT1/LibertinusSerif-TLF/m/n/12 As shown in fig-ure [][]2.7[][], If two pro-ces-sors ac-cess the same mem-ory ad-dress say 0x7FFF5FBFFD98
 []

[47 <./images/distributed_memory.png>]
<images/state_dia.png, id=960, 555.5154pt x 393.1488pt>
File: images/state_dia.png Graphic file (type png)
<use images/state_dia.png>
Package pdftex.def Info: images/state_dia.png  used on input line 1939.
(pdftex.def)             Requested size: 350.81262pt x 248.27895pt.

Underfull \hbox (badness 10000) in paragraph at lines 1948--1960

 []

[48 <./images/state_dia.png>] [49] [50]
<images/class_network.png, id=987, 718.93594pt x 448.67625pt>
File: images/class_network.png Graphic file (type png)
<use images/class_network.png>
Package pdftex.def Info: images/class_network.png  used on input line 2023.
(pdftex.def)             Requested size: 350.81262pt x 218.94273pt.
<images/bus.png, id=989, 600.74437pt x 689.57625pt>
File: images/bus.png Graphic file (type png)
<use images/bus.png>
Package pdftex.def Info: images/bus.png  used on input line 2039.
(pdftex.def)             Requested size: 350.81262pt x 402.70076pt.
 [51 <./images/class_network.png>]
<images/crossbar.png, id=998, 802.49812pt x 573.64313pt>
File: images/crossbar.png Graphic file (type png)
<use images/crossbar.png>
Package pdftex.def Info: images/crossbar.png  used on input line 2052.
(pdftex.def)             Requested size: 350.81262pt x 250.77568pt.

Underfull \vbox (badness 4217) has occurred while \output is active []

 [52 <./images/bus.png>]
<images/multistage.png, id=1009, 791.20593pt x 395.22656pt>
File: images/multistage.png Graphic file (type png)
<use images/multistage.png>
Package pdftex.def Info: images/multistage.png  used on input line 2066.
(pdftex.def)             Requested size: 350.81262pt x 175.23903pt.
 [53 <./images/crossbar.png> <./images/multistage.png>]
<images/shuffle.png, id=1019, 504.38437pt x 430.60875pt>
File: images/shuffle.png Graphic file (type png)
<use images/shuffle.png>
Package pdftex.def Info: images/shuffle.png  used on input line 2085.
(pdftex.def)             Requested size: 350.81262pt x 299.49889pt.
<images/switching.png, id=1020, 506.6428pt x 131.74219pt>
File: images/switching.png Graphic file (type png)
<use images/switching.png>
Package pdftex.def Info: images/switching.png  used on input line 2096.
(pdftex.def)             Requested size: 350.81262pt x 91.22383pt.

Underfull \vbox (badness 10000) has occurred while \output is active []

 [54 <./images/shuffle.png>]
<images/omega.png, id=1031, 601.4972pt x 406.51875pt>
File: images/omega.png Graphic file (type png)
<use images/omega.png>
Package pdftex.def Info: images/omega.png  used on input line 2114.
(pdftex.def)             Requested size: 350.81262pt x 237.10226pt.

Underfull \hbox (badness 10000) in paragraph at lines 2103--2117

 []

[55 <./images/switching.png> <./images/omega.png>]
<images/completelyconnected.png, id=1046, 289.08pt x 242.40562pt>
File: images/completelyconnected.png Graphic file (type png)
<use images/completelyconnected.png>
Package pdftex.def Info: images/completelyconnected.png  used on input line 2148.
(pdftex.def)             Requested size: 263.11115pt x 220.64122pt.

Underfull \vbox (badness 10000) has occurred while \output is active []

 [56]
<images/star.png, id=1053, 242.40562pt x 237.88875pt>
File: images/star.png Graphic file (type png)
<use images/star.png>
Package pdftex.def Info: images/star.png  used on input line 2157.
(pdftex.def)             Requested size: 175.40295pt x 172.14366pt.
<images/lineararrays.png, id=1056, 831.85782pt x 82.80937pt>
File: images/lineararrays.png Graphic file (type png)
<use images/lineararrays.png>
Package pdftex.def Info: images/lineararrays.png  used on input line 2168.
(pdftex.def)             Requested size: 263.11115pt x 26.19122pt.
 [57 <./images/completelyconnected.png> <./images/star.png>]
<images/mesh.png, id=1068, 810.77907pt x 224.33812pt>
File: images/mesh.png Graphic file (type png)
<use images/mesh.png>
Package pdftex.def Info: images/mesh.png  used on input line 2180.
(pdftex.def)             Requested size: 350.81262pt x 97.0694pt.
<images/hypercube.png, id=1070, 819.06pt x 376.40625pt>
File: images/hypercube.png Graphic file (type png)
<use images/hypercube.png>
Package pdftex.def Info: images/hypercube.png  used on input line 2197.
(pdftex.def)             Requested size: 350.81262pt x 161.21974pt.

Underfull \vbox (badness 10000) has occurred while \output is active []

 [58 <./images/lineararrays.png> <./images/mesh.png>]
<images/4dhypercube.png, id=1082, 774.64406pt x 395.22656pt>
File: images/4dhypercube.png Graphic file (type png)
<use images/4dhypercube.png>
Package pdftex.def Info: images/4dhypercube.png  used on input line 2209.
(pdftex.def)             Requested size: 350.81262pt x 178.98407pt.
<images/tree.png, id=1084, 603.0028pt x 229.60782pt>
File: images/tree.png Graphic file (type png)
<use images/tree.png>
Package pdftex.def Info: images/tree.png  used on input line 2219.
(pdftex.def)             Requested size: 263.11115pt x 100.1834pt.

Underfull \vbox (badness 10000) has occurred while \output is active []

 [59 <./images/hypercube.png> <./images/4dhypercube.png>]
<images/fattree.png, id=1096, 883.80188pt x 328.22626pt>
File: images/fattree.png Graphic file (type png)
<use images/fattree.png>
Package pdftex.def Info: images/fattree.png  used on input line 2233.
(pdftex.def)             Requested size: 350.81262pt x 130.2865pt.
 [60 <./images/tree.png> <./images/fattree.png>] [61]
Overfull \hbox (43.56377pt too wide) in paragraph at lines 2287--2302
 [][] 
 []

[62]
<images/gpu.png, id=1120, 1294.08469pt x 648.92438pt>
File: images/gpu.png Graphic file (type png)
<use images/gpu.png>
Package pdftex.def Info: images/gpu.png  used on input line 2326.
(pdftex.def)             Requested size: 394.66002pt x 197.90678pt.
 [63 <./images/gpu.png>]
<images/smx.png, id=1130, 606.01407pt x 681.29532pt>
File: images/smx.png Graphic file (type png)
<use images/smx.png>
Package pdftex.def Info: images/smx.png  used on input line 2358.
(pdftex.def)             Requested size: 394.66002pt x 443.68916pt.

Underfull \vbox (badness 10000) has occurred while \output is active []

 [64]
<images/cuda_memory.png, id=1139, 622.57594pt x 691.83469pt>
File: images/cuda_memory.png Graphic file (type png)
<use images/cuda_memory.png>
Package pdftex.def Info: images/cuda_memory.png  used on input line 2368.
(pdftex.def)             Requested size: 394.66002pt x 438.57118pt.

Underfull \vbox (badness 10000) has occurred while \output is active []

 [65 <./images/smx.png>] [66 <./images/cuda_memory.png>] [67]
Overfull \hbox (14.3733pt too wide) in paragraph at lines 2416--2416
 [] 
 []

[68]
<images/amdahl.png, id=1163, 602.25pt x 470.75874pt>
File: images/amdahl.png Graphic file (type png)
<use images/amdahl.png>
Package pdftex.def Info: images/amdahl.png  used on input line 2437.
(pdftex.def)             Requested size: 350.81262pt x 274.2255pt.

Underfull \vbox (badness 1748) has occurred while \output is active []

 [69] [70 <./images/amdahl.png>] [71] [72]
<images/domain.png, id=1188, 705.38531pt x 399.74344pt>
File: images/domain.png Graphic file (type png)
<use images/domain.png>
Package pdftex.def Info: images/domain.png  used on input line 2501.
(pdftex.def)             Requested size: 350.81262pt x 198.80379pt.
 [73 <./images/domain.png>]
<images/data_distribution.png, id=1198, 506.6428pt x 311.66437pt>
File: images/data_distribution.png Graphic file (type png)
<use images/data_distribution.png>
Package pdftex.def Info: images/data_distribution.png  used on input line 2521.
(pdftex.def)             Requested size: 350.81262pt x 215.80954pt.
<images/task_graph.png, id=1200, 761.09344pt x 333.49594pt>
File: images/task_graph.png Graphic file (type png)
<use images/task_graph.png>
Package pdftex.def Info: images/task_graph.png  used on input line 2535.
(pdftex.def)             Requested size: 350.81262pt x 153.7204pt.
 [74 <./images/data_distribution.png> <./images/task_graph.png>]
Underfull \vbox (badness 3954) has occurred while \output is active []

 [75] [76] [77]
Underfull \hbox (badness 1769) in paragraph at lines 2643--2644
[]|\OT1/LibertinusSerif-TLF/m/n/12 Balance work-load; re-duce com-mu-ni-ca-tion
 []


Overfull \hbox (17.5427pt too wide) in paragraph at lines 2638--2649
 [][] 
 []

[78]
<images/grid.png, id=1240, 359.09157pt x 303.38344pt>
File: images/grid.png Graphic file (type png)
<use images/grid.png>
Package pdftex.def Info: images/grid.png  used on input line 2677.
(pdftex.def)             Requested size: 263.11115pt x 222.30595pt.
 [79 <./images/grid.png>]
<images/block.png, id=1260, 464.4853pt x 404.26031pt>
File: images/block.png Graphic file (type png)
<use images/block.png>
Package pdftex.def Info: images/block.png  used on input line 2697.
(pdftex.def)             Requested size: 263.11115pt x 228.99968pt.
 [80 <./images/block.png>]
Overfull \hbox (36.69072pt too wide) in paragraph at lines 2738--2739
[][][][][][][][][][][][][][][][][][][][][][][][][][][][][][][] 
 []


Overfull \hbox (231.0927pt too wide) in paragraph at lines 2741--2742
[][][][][][][][][][][][][][][][][][][][][][][][][][][][][][][][][][][][][][][][][][][][][][][] 
 []

[81]
Underfull \vbox (badness 10000) has occurred while \output is active []

 [82] [83]
Overfull \hbox (36.69072pt too wide) in paragraph at lines 2819--2820
[][][][][][][][][][][][][][][][][][][][][][][][][][][][][][][] 
 []


Overfull \hbox (231.0927pt too wide) in paragraph at lines 2822--2823
[][][][][][][][][][][][][][][][][][][][][][][][][][][][][][][][][][][][][][][][][][][][][][][] 
 []


Overfull \hbox (151.89189pt too wide) in paragraph at lines 2830--2831
[][][][][][][][][][][][][][][][][][][][][][][][][][][][][][][][][][] 
 []

[84]
<images/ghost.png, id=1358, 564.60938pt x 625.58719pt>
File: images/ghost.png Graphic file (type png)
<use images/ghost.png>
Package pdftex.def Info: images/ghost.png  used on input line 2868.
(pdftex.def)             Requested size: 263.11115pt x 291.52505pt.

Underfull \vbox (badness 10000) has occurred while \output is active []

 [85] [86 <./images/ghost.png>]
Overfull \hbox (22.29057pt too wide) in paragraph at lines 2919--2920
[][][][][][][][][][][][][][][][][][][][] 
 []


Overfull \hbox (7.89043pt too wide) in paragraph at lines 2920--2921
[][][][][][][][][][][][][][][][][][][][][][][][][][][][][][] 
 []


Overfull \hbox (231.0927pt too wide) in paragraph at lines 2923--2924
[][][][][][][][][][][][][][][][][][][][][][][][][][][][][][][][][][][][][][][][][][][][][][][] 
 []

[87] [88]
Overfull \hbox (231.6671pt too wide) in paragraph at lines 2984--2985
[][][][][][][][][][][][][][][][][][][][][][][][][][][][][][] 
 []

[89]
Overfull \hbox (7.18668pt too wide) in paragraph at lines 3015--3025
 [][] 
 []

[90]
<images/forkjoin.png, id=1460, 540.51938pt x 215.30438pt>
File: images/forkjoin.png Graphic file (type png)
<use images/forkjoin.png>
Package pdftex.def Info: images/forkjoin.png  used on input line 3051.
(pdftex.def)             Requested size: 263.11115pt x 104.80687pt.
 [91 <./images/forkjoin.png>] [92] [93] [94]
Overfull \hbox (0.69035pt too wide) in paragraph at lines 3193--3194
[][][][][][][][][][][][][][][][][][][][][][][][][][][][] 
 []

[95] [96] [97]
Overfull \hbox (37.26512pt too wide) in paragraph at lines 3274--3275
[][][][][][][][][][][][][][][][][][][][][][][][] 
 []


Overfull \hbox (1.26476pt too wide) in paragraph at lines 3286--3287
[][][][][][][][][][][][][][][][][][][][][][][][] 
 []

[98] [99] [100]
Overfull \hbox (1.92216pt too wide) in paragraph at lines 3351--3352
\OT1/LibertinusSerif-TLF/m/n/12 Consider the fol-low-ing ex-am-ple code for bet-ter un-der-stand-ing of con-cepts of pri-vate, shared
 []

[101] [102] [103] [104]
Overfull \hbox (425.49467pt too wide) in paragraph at lines 3479--3480
[][][][][][][][][][][][][][][][][][][][][][][][][][][][][][][][][][][][][][][][][] 
 []


Overfull \hbox (209.49248pt too wide) in paragraph at lines 3482--3483
[][][][][][][][][][][][][][][][][][][][][][][][][][][][][][][][][][][][][][][][][][][][] 
 []

[105]
Overfull \hbox (15.0905pt too wide) in paragraph at lines 3510--3511
[][][][][][][][][][][][][][][][][][] 
 []


Overfull \hbox (51.09087pt too wide) in paragraph at lines 3539--3540
[][][][][][][][][][][][][][][][] 
 []

[106] [107] [108] [109] [110]
Overfull \hbox (29.49065pt too wide) in paragraph at lines 3649--3650
[][][][][][][][][][][][][][][][][][][][][][] 
 []


Overfull \hbox (43.8908pt too wide) in paragraph at lines 3657--3658
[][][][][][][][][][][][][][][][][][][][][][][] 
 []

[111]
Overfull \hbox (43.8908pt too wide) in paragraph at lines 3665--3666
[][][][][][][][][][][][][][][][][][][][][][][][] 
 []

[112]
Overfull \hbox (3.96022pt too wide) in paragraph at lines 3703--3705
[]\OT1/LibertinusSerif-TLF/m/n/12 Case 3: Now con-sider a sit-u-a-tion where Pro-cess 0 first calls MPI[]Send and then MPI[]Recv
 []

[113] [114]
Overfull \hbox (24.76048pt too wide) in paragraph at lines 3726--3727
[]\OT1/LibertinusSerif-TLF/m/n/12 MPI[]WAITSOME(incount, ar-ray[]of[]requests,outcount,array[]of[]indices,array[]of[]statuses) 
 []


Overfull \hbox (19.81216pt too wide) in paragraph at lines 3727--3728
[]\OT1/LibertinusSerif-TLF/m/n/12 MPI[]TESTSOME(incount,array[]of[]requests,outcount,array[]of[]indices,array[]of[]statuses) 
 []

[115]
Overfull \hbox (7.89043pt too wide) in paragraph at lines 3751--3752
[][][][][][][][][][][][][][][][] 
 []


Overfull \hbox (43.8908pt too wide) in paragraph at lines 3755--3756
[][][][][][][][][][][][][][][][][][][][][][][][][] 
 []

[116]
Overfull \hbox (79.89116pt too wide) in paragraph at lines 3777--3778
[][][][][][][][][][][][][][][][][][][][][][][][][][][][] 
 []

[117]
Underfull \hbox (badness 10000) in paragraph at lines 3803--3803
[]|\OT1/LibertinusSerif-TLF/m/n/12 Before or af-ter
 []


Underfull \hbox (badness 10000) in paragraph at lines 3805--3805
[]|\OT1/LibertinusSerif-TLF/m/n/12 Before or af-ter
 []


Underfull \hbox (badness 10000) in paragraph at lines 3807--3807
[]|\OT1/LibertinusSerif-TLF/m/n/12 Before or af-ter
 []


Overfull \hbox (37.59996pt too wide) in paragraph at lines 3798--3812
 [][] 
 []

[118] (notes.bbl) [119

] 
enddocument/afterlastpage: lastpage setting LastPage.
(notes.aux)
 ***********
LaTeX2e <2023-06-01> patch level 1
L3 programming layer <2023-10-10>
 ***********


LaTeX Font Warning: Some font shapes were not available, defaults substituted.

Package rerunfilecheck Info: File `notes.out' has not changed.
(rerunfilecheck)             Checksum: EE1B425C154D19B619528CC67BE43830;13714.
 ) 
Here is how much of TeX's memory you used:
 42223 strings out of 474824
 955002 string characters out of 5750976
 1981043 words of memory out of 5000000
 62569 multiletter control sequences out of 15000+600000
 581542 words of font info for 80 fonts, out of 8000000 for 9000
 1141 hyphenation exceptions out of 8191
 84i,13n,99p,3047b,2110s stack positions out of 10000i,1000n,20000p,200000b,200000s
<C:/Users/nihar/AppData/Local/Programs/MiKTeX/fonts/type1/public/libertinus-type1/LibertinusMono-Regular.pfb><C:/Users/nihar/AppData/Local/Programs/MiKTeX/fonts/type1/public/libertinus-type1/LibertinusSerif-Bold.pfb><C:/Users/nihar/AppData/Local/Programs/MiKTeX/fonts/type1/public/libertinus-type1/LibertinusSerif-Italic.pfb><C:/Users/nihar/AppData/Local/Programs/MiKTeX/fonts/type1/public/libertinus-type1/LibertinusSerif-Regular.pfb><C:/Users/nihar/AppData/Local/Programs/MiKTeX/fonts/type1/public/amsfonts/cm/cmex10.pfb><C:/Users/nihar/AppData/Local/Programs/MiKTeX/fonts/type1/public/amsfonts/cm/cmmi12.pfb><C:/Users/nihar/AppData/Local/Programs/MiKTeX/fonts/type1/public/amsfonts/cm/cmmi6.pfb><C:/Users/nihar/AppData/Local/Programs/MiKTeX/fonts/type1/public/amsfonts/cm/cmmi8.pfb><C:/Users/nihar/AppData/Local/Programs/MiKTeX/fonts/type1/public/amsfonts/cm/cmr12.pfb><C:/Users/nihar/AppData/Local/Programs/MiKTeX/fonts/type1/public/amsfonts/cm/cmr6.pfb><C:/Users/nihar/AppData/Local/Programs/MiKTeX/fonts/type1/public/amsfonts/cm/cmr8.pfb><C:/Users/nihar/AppData/Local/Programs/MiKTeX/fonts/type1/public/amsfonts/cm/cmsy10.pfb><C:/Users/nihar/AppData/Local/Programs/MiKTeX/fonts/type1/public/amsfonts/cm/cmsy6.pfb><C:/Users/nihar/AppData/Local/Programs/MiKTeX/fonts/type1/public/amsfonts/cm/cmsy8.pfb>
Output written on notes.pdf (122 pages, 6822025 bytes).
PDF statistics:
 2249 PDF objects out of 2487 (max. 8388607)
 980 named destinations out of 1000 (max. 500000)
 820 words of extra memory for PDF output out of 10000 (max. 10000000)

