\BOOKMARK [0][-]{chapter.1}{\376\377\000C\000o\000m\000p\000u\000t\000e\000r\000\040\000A\000r\000c\000h\000i\000t\000e\000c\000t\000u\000r\000e}{}% 1
\BOOKMARK [1][-]{section.1.1}{\376\377\000H\000o\000w\000\040\000i\000s\000\040\000D\000a\000t\000a\000\040\000R\000e\000p\000r\000e\000s\000e\000n\000t\000e\000d\000?}{chapter.1}% 2
\BOOKMARK [2][-]{subsection.1.1.1}{\376\377\000I\000n\000t\000e\000g\000e\000r\000\040\000D\000a\000t\000a\000\040\000R\000e\000p\000r\000e\000s\000e\000n\000t\000a\000t\000i\000o\000n}{section.1.1}% 3
\BOOKMARK [2][-]{subsection.1.1.2}{\376\377\000V\000a\000r\000i\000a\000b\000l\000e\000s\000\040\000a\000n\000d\000\040\000D\000a\000t\000a\000\040\000A\000l\000l\000o\000c\000a\000t\000i\000o\000n\000\040\000o\000f\000\040\000D\000i\000f\000f\000e\000r\000e\000n\000t\000\040\000L\000i\000f\000e\000t\000i\000m\000e\000s}{section.1.1}% 4
\BOOKMARK [2][-]{subsection.1.1.3}{\376\377\000P\000r\000o\000g\000r\000a\000m\000\040\000a\000n\000d\000\040\000D\000a\000t\000a}{section.1.1}% 5
\BOOKMARK [1][-]{section.1.2}{\376\377\000B\000a\000s\000i\000c\000\040\000C\000o\000m\000p\000u\000t\000e\000r\000\040\000O\000r\000g\000a\000n\000i\000z\000a\000t\000i\000o\000n}{chapter.1}% 6
\BOOKMARK [2][-]{subsection.1.2.1}{\376\377\000M\000a\000i\000n\000\040\000M\000e\000m\000o\000r\000y\000\040\000a\000n\000d\000\040\000i\000t\000s\000\040\000p\000r\000o\000b\000l\000e\000m\000s}{section.1.2}% 7
\BOOKMARK [2][-]{subsection.1.2.2}{\376\377\000C\000a\000c\000h\000e\000\040\000M\000e\000m\000o\000r\000y\000\040\000a\000n\000d\000\040\000L\000o\000c\000a\000l\000i\000t\000y\000\040\000o\000f\000\040\000R\000e\000f\000e\000r\000e\000n\000c\000e}{section.1.2}% 8
\BOOKMARK [2][-]{subsection.1.2.3}{\376\377\000C\000a\000c\000h\000e\000\040\000C\000o\000m\000p\000o\000s\000i\000t\000i\000o\000n}{section.1.2}% 9
\BOOKMARK [1][-]{section.1.3}{\376\377\000C\000a\000c\000h\000e\000\040\000a\000n\000d\000\040\000P\000r\000o\000g\000r\000a\000m\000m\000i\000n\000g}{chapter.1}% 10
\BOOKMARK [2][-]{subsection.1.3.1}{\376\377\000E\000x\000a\000m\000p\000l\000e\000\040\0001\000:\000\040\000V\000e\000c\000t\000o\000r\000\040\000S\000u\000m\000\040\000R\000e\000d\000u\000c\000t\000i\000o\000n}{section.1.3}% 11
\BOOKMARK [2][-]{subsection.1.3.2}{\376\377\000E\000x\000a\000m\000p\000l\000e\000\040\0002\000:\000\040\000V\000e\000c\000t\000o\000r\000\040\000D\000o\000t\000\040\000P\000r\000o\000d\000u\000c\000t}{section.1.3}% 12
\BOOKMARK [2][-]{subsection.1.3.3}{\376\377\000E\000x\000a\000m\000p\000l\000e\000\040\0003\000:\000\040\000D\000A\000X\000P\000Y}{section.1.3}% 13
\BOOKMARK [2][-]{subsection.1.3.4}{\376\377\000E\000x\000a\000m\000p\000l\000e\000\040\0004\000:\000\040\0002\000D\000\040\000M\000a\000t\000r\000i\000x\000\040\000S\000u\000m}{section.1.3}% 14
\BOOKMARK [2][-]{subsection.1.3.5}{\376\377\000E\000x\000a\000m\000p\000l\000e\000\040\0005\000:\000\040\000M\000a\000t\000r\000i\000x\000\040\000M\000u\000l\000t\000i\000p\000l\000i\000c\000a\000t\000i\000o\000n}{section.1.3}% 15
\BOOKMARK [1][-]{section.1.4}{\376\377\000V\000e\000c\000t\000o\000r\000\040\000O\000p\000e\000r\000a\000t\000i\000o\000n\000s}{chapter.1}% 16
\BOOKMARK [2][-]{subsection.1.4.1}{\376\377\000S\000t\000r\000i\000p\000\040\000m\000i\000n\000i\000n\000g}{section.1.4}% 17
\BOOKMARK [2][-]{subsection.1.4.2}{\376\377\000N\000o\000d\000e\000\040\000S\000p\000l\000i\000t\000t\000i\000n\000g}{section.1.4}% 18
\BOOKMARK [2][-]{subsection.1.4.3}{\376\377\000S\000c\000a\000l\000a\000r\000\040\000E\000x\000p\000a\000n\000s\000i\000o\000n}{section.1.4}% 19
\BOOKMARK [2][-]{subsection.1.4.4}{\376\377\000L\000o\000o\000p\000\040\000f\000i\000s\000s\000i\000o\000n}{section.1.4}% 20
\BOOKMARK [2][-]{subsection.1.4.5}{\376\377\000L\000o\000o\000p\000\040\000i\000n\000t\000e\000r\000c\000h\000a\000n\000g\000e}{section.1.4}% 21
\BOOKMARK [2][-]{subsection.1.4.6}{\376\377\000S\000u\000m\000m\000a\000r\000y\000\040\000o\000f\000\040\000T\000e\000c\000h\000n\000i\000q\000u\000e\000s}{section.1.4}% 22
\BOOKMARK [0][-]{chapter.2}{\376\377\000P\000a\000r\000a\000l\000l\000e\000l\000\040\000A\000r\000c\000h\000i\000t\000e\000c\000t\000u\000r\000e}{}% 23
\BOOKMARK [1][-]{section.2.1}{\376\377\000I\000n\000t\000r\000o\000d\000u\000c\000t\000i\000o\000n}{chapter.2}% 24
\BOOKMARK [1][-]{section.2.2}{\376\377\000C\000l\000a\000s\000s\000i\000f\000i\000c\000a\000t\000i\000o\000n\000\040\000o\000f\000\040\000A\000r\000c\000h\000i\000t\000e\000c\000t\000u\000r\000e\000s\000\040\000-\000\040\000F\000l\000y\000n\000n\000'\000s\000\040\000T\000a\000x\000o\000n\000o\000m\000y}{chapter.2}% 25
\BOOKMARK [2][-]{subsection.2.2.1}{\376\377\000S\000I\000M\000D\000\040\000-\000\040\000S\000i\000n\000g\000l\000e\000\040\000I\000n\000s\000t\000r\000u\000c\000t\000i\000o\000n\000\040\000M\000u\000l\000t\000i\000p\000l\000e\000\040\000D\000a\000t\000a}{section.2.2}% 26
\BOOKMARK [2][-]{subsection.2.2.2}{\376\377\000M\000I\000S\000D\000\040\000-\000\040\000M\000u\000l\000t\000i\000p\000l\000e\000\040\000I\000n\000s\000t\000r\000u\000c\000t\000i\000o\000n\000\040\000S\000i\000n\000g\000l\000e\000\040\000D\000a\000t\000a}{section.2.2}% 27
\BOOKMARK [2][-]{subsection.2.2.3}{\376\377\000M\000I\000M\000D\000\040\000-\000\040\000M\000u\000t\000l\000i\000p\000l\000e\000\040\000I\000n\000s\000t\000r\000u\000c\000t\000i\000o\000n\000\040\000M\000u\000l\000t\000i\000p\000l\000e\000\040\000D\000a\000t\000a}{section.2.2}% 28
\BOOKMARK [1][-]{section.2.3}{\376\377\000C\000l\000a\000s\000s\000i\000f\000i\000c\000a\000t\000i\000o\000n\000\040\000b\000a\000s\000e\000d\000\040\000o\000n\000\040\000M\000e\000m\000o\000r\000y}{chapter.2}% 29
\BOOKMARK [2][-]{subsection.2.3.1}{\376\377\000S\000h\000a\000r\000e\000d\000\040\000M\000e\000m\000o\000r\000y}{section.2.3}% 30
\BOOKMARK [2][-]{subsection.2.3.2}{\376\377\000D\000i\000s\000t\000r\000i\000b\000u\000t\000e\000d\000\040\000M\000e\000m\000o\000r\000y\000\040\000A\000r\000c\000h\000i\000t\000e\000c\000t\000u\000r\000e}{section.2.3}% 31
\BOOKMARK [2][-]{subsection.2.3.3}{\376\377\000S\000h\000a\000r\000e\000d\000\040\000M\000e\000m\000o\000r\000y\000\040\000A\000r\000c\000h\000i\000t\000e\000c\000t\000u\000r\000e\000s\000:\000\040\000C\000a\000c\000h\000e\000\040\000C\000o\000h\000e\000r\000e\000n\000c\000e}{section.2.3}% 32
\BOOKMARK [2][-]{subsection.2.3.4}{\376\377\000I\000m\000p\000l\000e\000m\000e\000n\000t\000a\000t\000i\000o\000n\000\040\000o\000f\000\040\000C\000a\000c\000h\000e\000\040\000C\000o\000h\000e\000r\000e\000n\000c\000e\000\040\000P\000r\000o\000t\000o\000c\000o\000l\000s}{section.2.3}% 33
\BOOKMARK [2][-]{subsection.2.3.5}{\376\377\000F\000a\000l\000s\000e\000\040\000S\000h\000a\000r\000i\000n\000g}{section.2.3}% 34
\BOOKMARK [1][-]{section.2.4}{\376\377\000I\000n\000t\000e\000r\000c\000o\000n\000n\000e\000c\000t\000i\000o\000n\000\040\000n\000e\000t\000w\000o\000r\000k\000s\000\040\000f\000o\000r\000\040\000a\000\040\000P\000a\000r\000a\000l\000l\000e\000l\000\040\000C\000o\000m\000p\000u\000t\000e\000r}{chapter.2}% 35
\BOOKMARK [2][-]{subsection.2.4.1}{\376\377\000N\000e\000t\000w\000o\000r\000k\000\040\000T\000o\000p\000o\000l\000o\000g\000y}{section.2.4}% 36
\BOOKMARK [2][-]{subsection.2.4.2}{\376\377\000E\000v\000a\000l\000u\000a\000t\000i\000n\000g\000\040\000S\000t\000a\000t\000i\000c\000\040\000N\000e\000t\000w\000o\000r\000k\000s}{section.2.4}% 37
\BOOKMARK [1][-]{section.2.5}{\376\377\000G\000r\000a\000p\000h\000i\000c\000a\000l\000\040\000P\000r\000o\000c\000e\000s\000s\000i\000n\000g\000\040\000U\000n\000i\000t\000s}{chapter.2}% 38
\BOOKMARK [2][-]{subsection.2.5.1}{\376\377\000G\000P\000U\000\040\000A\000r\000c\000h\000i\000t\000e\000c\000t\000u\000r\000e}{section.2.5}% 39
\BOOKMARK [2][-]{subsection.2.5.2}{\376\377\000C\000U\000D\000A\000\040\000M\000e\000m\000o\000r\000y\000\040\000S\000p\000a\000c\000e\000s}{section.2.5}% 40
\BOOKMARK [1][-]{section.2.6}{\376\377\000P\000a\000r\000a\000l\000l\000e\000l\000i\000z\000a\000t\000i\000o\000n\000\040\000P\000r\000i\000n\000c\000i\000p\000l\000e\000s}{chapter.2}% 41
\BOOKMARK [2][-]{subsection.2.6.1}{\376\377\000E\000v\000a\000l\000u\000a\000t\000i\000o\000n\000\040\000o\000f\000\040\000P\000a\000r\000a\000l\000l\000e\000l\000\040\000P\000r\000o\000g\000r\000a\000m\000s}{section.2.6}% 42
\BOOKMARK [1][-]{section.2.7}{\376\377\000P\000a\000r\000a\000l\000l\000e\000l\000\040\000P\000r\000o\000g\000r\000a\000m\000m\000i\000n\000g\000\040\000C\000l\000a\000s\000s\000i\000f\000i\000c\000a\000t\000i\000o\000n\000\040\000a\000n\000d\000\040\000S\000t\000e\000p\000s}{chapter.2}% 43
\BOOKMARK [2][-]{subsection.2.7.1}{\376\377\000P\000a\000r\000a\000l\000l\000e\000l\000\040\000P\000r\000o\000g\000r\000a\000m\000\040\000M\000o\000d\000e\000l\000s}{section.2.7}% 44
\BOOKMARK [2][-]{subsection.2.7.2}{\376\377\000P\000r\000o\000g\000r\000a\000m\000m\000i\000n\000g\000\040\000P\000a\000r\000a\000d\000i\000g\000m\000s}{section.2.7}% 45
\BOOKMARK [2][-]{subsection.2.7.3}{\376\377\000P\000a\000r\000a\000l\000l\000e\000l\000i\000z\000i\000n\000g\000\040\000a\000\040\000P\000r\000o\000g\000r\000a\000m}{section.2.7}% 46
\BOOKMARK [2][-]{subsection.2.7.4}{\376\377\000D\000a\000t\000a\000\040\000P\000a\000r\000a\000l\000l\000e\000l\000i\000s\000m\000\040\000a\000n\000d\000\040\000D\000a\000t\000a\000\040\000D\000e\000c\000o\000m\000p\000o\000s\000i\000t\000i\000o\000n}{section.2.7}% 47
\BOOKMARK [2][-]{subsection.2.7.5}{\376\377\000D\000a\000t\000a\000\040\000D\000i\000s\000t\000r\000i\000b\000u\000t\000i\000o\000n\000s}{section.2.7}% 48
\BOOKMARK [2][-]{subsection.2.7.6}{\376\377\000T\000a\000s\000k\000\040\000P\000a\000r\000a\000l\000l\000e\000l\000i\000s\000m}{section.2.7}% 49
\BOOKMARK [2][-]{subsection.2.7.7}{\376\377\000O\000r\000c\000h\000e\000s\000t\000r\000a\000t\000i\000o\000n}{section.2.7}% 50
\BOOKMARK [2][-]{subsection.2.7.8}{\376\377\000M\000a\000p\000p\000i\000n\000g}{section.2.7}% 51
\BOOKMARK [2][-]{subsection.2.7.9}{\376\377\000E\000x\000a\000m\000p\000l\000e}{section.2.7}% 52
\BOOKMARK [2][-]{subsection.2.7.10}{\376\377\000N\000o\000t\000e\000s\000\040\000o\000n\000\040\000M\000e\000s\000s\000a\000g\000e\000\040\000P\000a\000s\000s\000i\000n\000g\000\040\000V\000e\000r\000s\000i\000o\000n}{section.2.7}% 53
\BOOKMARK [2][-]{subsection.2.7.11}{\376\377\000S\000e\000n\000d\000\040\000a\000n\000d\000\040\000R\000e\000c\000e\000i\000v\000e\000\040\000A\000l\000t\000e\000r\000n\000a\000t\000i\000v\000e\000s}{section.2.7}% 54
\BOOKMARK [2][-]{subsection.2.7.12}{\376\377\000S\000u\000m\000m\000a\000r\000y}{section.2.7}% 55
\BOOKMARK [1][-]{section.2.8}{\376\377\000S\000h\000a\000r\000e\000d\000\040\000M\000e\000m\000o\000r\000y\000\040\000P\000a\000r\000a\000l\000l\000e\000l\000i\000s\000m\000\040\000-\000\040\000O\000p\000e\000n\000M\000P}{chapter.2}% 56
\BOOKMARK [2][-]{subsection.2.8.1}{\376\377\000I\000n\000t\000r\000o\000d\000u\000c\000t\000i\000o\000n}{section.2.8}% 57
\BOOKMARK [2][-]{subsection.2.8.2}{\376\377\000F\000o\000r\000k\000-\000J\000o\000i\000n\000\040\000M\000o\000d\000e\000l}{section.2.8}% 58
\BOOKMARK [2][-]{subsection.2.8.3}{\376\377\000P\000a\000r\000a\000l\000l\000e\000l\000\040\000C\000o\000n\000s\000t\000r\000u\000c\000t}{section.2.8}% 59
\BOOKMARK [2][-]{subsection.2.8.4}{\376\377\000W\000o\000r\000k\000\040\000s\000h\000a\000r\000i\000n\000g\000\040\000c\000o\000n\000s\000t\000r\000u\000c\000t}{section.2.8}% 60
\BOOKMARK [2][-]{subsection.2.8.5}{\376\377\000S\000y\000n\000c\000h\000r\000o\000n\000i\000z\000a\000t\000i\000o\000n\000\040\000D\000i\000r\000e\000c\000t\000i\000v\000e\000s}{section.2.8}% 61
\BOOKMARK [2][-]{subsection.2.8.6}{\376\377\000D\000a\000t\000a\000\040\000S\000c\000o\000p\000e\000\040\000A\000t\000t\000r\000i\000b\000u\000t\000e\000\040\000C\000l\000a\000u\000s\000e\000s}{section.2.8}% 62
\BOOKMARK [2][-]{subsection.2.8.7}{\376\377\000L\000i\000b\000r\000a\000r\000y\000\040\000R\000o\000u\000t\000i\000n\000e\000s\000\040\000\050\000A\000P\000I\000\051}{section.2.8}% 63
\BOOKMARK [2][-]{subsection.2.8.8}{\376\377\000L\000o\000c\000k\000s}{section.2.8}% 64
\BOOKMARK [2][-]{subsection.2.8.9}{\376\377\000E\000x\000a\000m\000p\000l\000e\000\040\0001\000:\000\040\000J\000a\000c\000o\000b\000i\000\040\000S\000o\000l\000v\000e\000r}{section.2.8}% 65
\BOOKMARK [2][-]{subsection.2.8.10}{\376\377\000B\000r\000e\000a\000d\000t\000h\000\040\000F\000i\000r\000s\000t\000\040\000S\000e\000a\000r\000c\000h\000\040\000\050\000B\000F\000S\000\051\000\040\000A\000l\000g\000o\000r\000i\000t\000h\000m}{section.2.8}% 66
\BOOKMARK [1][-]{section.2.9}{\376\377\000M\000e\000s\000s\000a\000g\000e\000\040\000P\000a\000s\000s\000i\000n\000g\000\040\000I\000n\000t\000e\000r\000f\000a\000c\000e\000\040\000-\000\040\000M\000P\000I}{chapter.2}% 67
\BOOKMARK [2][-]{subsection.2.9.1}{\376\377\000M\000P\000I\000\040\000I\000n\000t\000r\000d\000o\000c\000u\000t\000i\000o\000n}{section.2.9}% 68
\BOOKMARK [2][-]{subsection.2.9.2}{\376\377\000C\000o\000m\000m\000u\000n\000i\000c\000a\000t\000i\000o\000n\000\040\000P\000r\000i\000m\000i\000t\000i\000v\000e\000s}{section.2.9}% 69
\BOOKMARK [2][-]{subsection.2.9.3}{\376\377\000B\000u\000f\000f\000e\000r\000i\000n\000g\000\040\000a\000n\000d\000\040\000S\000a\000f\000e\000t\000y}{section.2.9}% 70
\BOOKMARK [2][-]{subsection.2.9.4}{\376\377\000E\000x\000a\000m\000p\000l\000e\000:\000\040\000F\000i\000n\000d\000i\000n\000g\000\040\000a\000\040\000P\000a\000r\000t\000i\000c\000u\000l\000a\000r\000\040\000e\000l\000e\000m\000e\000n\000t\000\040\000i\000n\000\040\000a\000n\000\040\000A\000r\000r\000a\000y}{section.2.9}% 71
\BOOKMARK [2][-]{subsection.2.9.5}{\376\377\000C\000o\000m\000m\000u\000n\000i\000c\000a\000t\000i\000o\000n\000\040\000M\000o\000d\000e\000s}{section.2.9}% 72
